<?xml version="1.0" encoding="utf-8"?><testsuites name="pytest tests"><testsuite name="pytest" errors="0" failures="0" skipped="0" tests="120" time="0.186" timestamp="2026-09-02T06:26:51.931191+02:00" hostname="nepryoon"><testcase classname="tests.tasks.test_ocor_dev_0009" name="test_valid_authority_preserves_scope_purpose_ttl_and_binding" time="0.001" /><testcase classname="tests.tasks.test_ocor_dev_0009" name="test_authority_cannot_be_widened[change0-AUTHORITY_BINDING_MISMATCH]" time="0.001" /><testcase classname="tests.tasks.test_ocor_dev_0009" name="test_authority_cannot_be_widened[change1-AUTHORITY_SCOPE_MISMATCH]" time="0.000" /><testcase classname="tests.tasks.test_ocor_dev_0009" name="test_authority_cannot_be_widened[change2-AUTHORITY_SCOPE_MISMATCH]" time="0.000" /><testcase classname="tests.tasks.test_ocor_dev_0009" name="test_authority_cannot_be_widened[change3-AUTHORITY_SCOPE_MISMATCH]" time="0.000" /><testcase classname="tests.tasks.test_ocor_dev_0009" name="test_authority_time_window_fails_closed[change0-AUTHORITY_NOT_YET_VALID]" time="0.000" /><testcase classname="tests.tasks.test_ocor_dev_0009" name="test_authority_time_window_fails_closed[change1-AUTHORITY_EXPIRED]" time="0.000" /><testcase classname="tests.tasks.test_ocor_dev_0009" name="test_unsigned_or_revoked_authority_fails_closed[False-False-AUTHORITY_UNSIGNED]" time="0.000" /><testcase classname="tests.tasks.test_ocor_dev_0009" name="test_unsigned_or_revoked_authority_fails_closed[True-True-AUTHORITY_REVOKED]" time="0.000" /><testcase classname="tests.tasks.test_ocor_dev_0009" name="test_policy_purpose_and_compartment_are_part_of_authority_scope" time="0.001" /><testcase classname="tests.tasks.test_ocor_dev_0009" name="test_authority_requires_verified_delegation_context_binding" time="0.000" /><testcase classname="tests.tasks.test_ocor_dev_0009" name="test_capability_lease_matches_the_approved_closed_schema" time="0.001" /><testcase classname="tests.tasks.test_ocor_dev_0009" name="test_capability_lease_rejects_missing_fields[lease_id]" time="0.000" /><testcase classname="tests.tasks.test_ocor_dev_0009" name="test_capability_lease_rejects_missing_fields[capability_id]" time="0.000" /><testcase classname="tests.tasks.test_ocor_dev_0009" name="test_capability_lease_rejects_missing_fields[effective_principal_id]" time="0.000" /><testcase classname="tests.tasks.test_ocor_dev_0009" name="test_capability_lease_rejects_missing_fields[delegation_ref]" time="0.000" /><testcase classname="tests.tasks.test_ocor_dev_0009" name="test_capability_lease_rejects_missing_fields[action_instance_id]" time="0.000" /><testcase classname="tests.tasks.test_ocor_dev_0009" name="test_capability_lease_rejects_missing_fields[governed_context_digest]" time="0.000" /><testcase classname="tests.tasks.test_ocor_dev_0009" name="test_capability_lease_rejects_missing_fields[gate_package_digest]" time="0.001" /><testcase classname="tests.tasks.test_ocor_dev_0009" name="test_capability_lease_rejects_missing_fields[stop_epoch]" time="0.000" /><testcase classname="tests.tasks.test_ocor_dev_0009" name="test_capability_lease_rejects_missing_fields[fencing_token]" time="0.000" /><testcase classname="tests.tasks.test_ocor_dev_0009" name="test_capability_lease_rejects_missing_fields[issued_at]" time="0.000" /><testcase classname="tests.tasks.test_ocor_dev_0009" name="test_capability_lease_rejects_missing_fields[expires_at]" time="0.000" /><testcase classname="tests.tasks.test_ocor_dev_0009" name="test_capability_lease_rejects_additional_fields" time="0.000" /><testcase classname="tests.tasks.test_ocor_dev_0009" name="test_capability_lease_ttl_cannot_exceed_five_seconds" time="0.000" /><testcase classname="tests.tasks.test_ocor_dev_0009" name="test_valid_lease_is_consumed_once_atomically" time="0.001" /><testcase classname="tests.tasks.test_ocor_dev_0009" name="test_unsigned_or_revoked_lease_fails_closed[False-False-LEASE_INVALID]" time="0.001" /><testcase classname="tests.tasks.test_ocor_dev_0009" name="test_unsigned_or_revoked_lease_fails_closed[True-True-LEASE_REVOKED]" time="0.001" /><testcase classname="tests.tasks.test_ocor_dev_0009" name="test_expired_lease_fails_closed" time="0.001" /><testcase classname="tests.tasks.test_ocor_dev_0009" name="test_expiry_is_rechecked_inside_atomic_consumption_boundary" time="0.001" /><testcase classname="tests.tasks.test_ocor_dev_0009" name="test_atomic_boundary_fails_closed_when_clock_is_unavailable" time="0.001" /><testcase classname="tests.tasks.test_ocor_dev_0009" name="test_malformed_authoritative_consumption_time_fails_closed[evaluated_at0]" time="0.001" /><testcase classname="tests.tasks.test_ocor_dev_0009" name="test_malformed_authoritative_consumption_time_fails_closed[evaluated_at1]" time="0.001" /><testcase classname="tests.tasks.test_ocor_dev_0009" name="test_malformed_authoritative_consumption_time_fails_closed[evaluated_at2]" time="0.001" /><testcase classname="tests.tasks.test_ocor_dev_0009" name="test_lease_binding_mismatch_has_stable_reason[capability_id]" time="0.001" /><testcase classname="tests.tasks.test_ocor_dev_0009" name="test_lease_binding_mismatch_has_stable_reason[effective_principal_id]" time="0.001" /><testcase classname="tests.tasks.test_ocor_dev_0009" name="test_lease_binding_mismatch_has_stable_reason[delegation_ref]" time="0.001" /><testcase classname="tests.tasks.test_ocor_dev_0009" name="test_lease_binding_mismatch_has_stable_reason[action_instance_id]" time="0.001" /><testcase classname="tests.tasks.test_ocor_dev_0009" name="test_lease_binding_mismatch_has_stable_reason[governed_context_digest]" time="0.001" /><testcase classname="tests.tasks.test_ocor_dev_0009" name="test_lease_binding_mismatch_has_stable_reason[gate_package_digest]" time="0.001" /><testcase classname="tests.tasks.test_ocor_dev_0009" name="test_lease_epoch_and_fencing_fail_with_specific_reasons[change0-STOP_EPOCH_MISMATCH]" time="0.001" /><testcase classname="tests.tasks.test_ocor_dev_0009" name="test_lease_epoch_and_fencing_fail_with_specific_reasons[change1-FENCING_TOKEN_STALE]" time="0.001" /><testcase classname="tests.tasks.test_ocor_dev_0009" name="test_lease_uses_authoritative_state_not_caller_matching_values[stop-STOP_EPOCH_MISMATCH]" time="0.001" /><testcase classname="tests.tasks.test_ocor_dev_0009" name="test_lease_uses_authoritative_state_not_caller_matching_values[fence-FENCING_TOKEN_STALE]" time="0.001" /><testcase classname="tests.tasks.test_ocor_dev_0009" name="test_lease_uses_authoritative_state_not_caller_matching_values[revoke-LEASE_REVOKED]" time="0.001" /><testcase classname="tests.tasks.test_ocor_dev_0009" name="test_caller_time_is_observability_only_and_cannot_override_trusted_clock" time="0.001" /><testcase classname="tests.tasks.test_ocor_dev_0009" name="test_changed_emission_attempt_cannot_reuse_lease" time="0.001" /><testcase classname="tests.tasks.test_ocor_dev_0009" name="test_concurrent_lease_consumption_has_exactly_one_winner" time="0.004" /><testcase classname="tests.tasks.test_ocor_dev_0009" name="test_lease_fails_closed_without_authoritative_ports" time="0.001" /><testcase classname="tests.tasks.test_ocor_dev_0009" name="test_evidence_is_content_addressed_immutable_and_retained" time="0.001" /><testcase classname="tests.tasks.test_ocor_dev_0009" name="test_evidence_requires_chain_of_custody_and_valid_retention" time="0.000" /><testcase classname="tests.tasks.test_ocor_dev_0009" name="test_provenance_preserves_evidence_and_causal_bindings" time="0.000" /><testcase classname="tests.tasks.test_ocor_dev_0009" name="test_provenance_mapping_is_closed_and_does_not_coerce_strings" time="0.001" /><testcase classname="tests.tasks.test_ocor_dev_0009" name="test_incomplete_or_malformed_provenance_fails_closed[change0]" time="0.000" /><testcase classname="tests.tasks.test_ocor_dev_0009" name="test_incomplete_or_malformed_provenance_fails_closed[change1]" time="0.000" /><testcase classname="tests.tasks.test_ocor_dev_0009" name="test_incomplete_or_malformed_provenance_fails_closed[change2]" time="0.000" /><testcase classname="tests.tasks.test_ocor_dev_0009" name="test_incomplete_or_malformed_provenance_fails_closed[change3]" time="0.000" /><testcase classname="tests.tasks.test_ocor_dev_0009" name="test_incomplete_or_malformed_provenance_fails_closed[change4]" time="0.001" /><testcase classname="tests.tasks.test_ocor_dev_0009" name="test_incomplete_or_malformed_provenance_fails_closed[change5]" time="0.000" /><testcase classname="tests.tasks.test_ocor_dev_0009" name="test_typed_error_taxonomy_is_stable_and_retry_safe" time="0.000" /><testcase classname="tests.tasks.test_ocor_dev_0009" name="test_fault_taxonomy_rejects_undeclared_or_unsafe_combinations[UNDECLARED_REASON-PERMANENT]" time="0.000" /><testcase classname="tests.tasks.test_ocor_dev_0009" name="test_fault_taxonomy_rejects_undeclared_or_unsafe_combinations[LEASE_CONTEXT_MISMATCH-TRANSIENT]" time="0.000" /><testcase classname="tests.tasks.test_ocor_dev_0009" name="test_fault_taxonomy_rejects_undeclared_or_unsafe_combinations[CONTROL_PLANE_UNAVAILABLE-TRANSIENT]" time="0.000" /><testcase classname="tests.tasks.test_ocor_dev_0009" name="test_fault_observability_is_bounded_and_preserves_causal_ids" time="0.000" /><testcase classname="tests.tasks.test_ocor_dev_0013" name="test_command_is_closed_content_addressed_and_deeply_immutable" time="0.001" /><testcase classname="tests.tasks.test_ocor_dev_0013" name="test_command_missing_any_binding_is_rejected[command_id]" time="0.001" /><testcase classname="tests.tasks.test_ocor_dev_0013" name="test_command_missing_any_binding_is_rejected[action_instance_id]" time="0.000" /><testcase classname="tests.tasks.test_ocor_dev_0013" name="test_command_missing_any_binding_is_rejected[aggregate_type]" time="0.000" /><testcase classname="tests.tasks.test_ocor_dev_0013" name="test_command_missing_any_binding_is_rejected[aggregate_ref]" time="0.000" /><testcase classname="tests.tasks.test_ocor_dev_0013" name="test_command_missing_any_binding_is_rejected[expected_revision]" time="0.001" /><testcase classname="tests.tasks.test_ocor_dev_0013" name="test_command_missing_any_binding_is_rejected[canonical_delta]" time="0.000" /><testcase classname="tests.tasks.test_ocor_dev_0013" name="test_command_missing_any_binding_is_rejected[decision_ref]" time="0.000" /><testcase classname="tests.tasks.test_ocor_dev_0013" name="test_command_missing_any_binding_is_rejected[authority_ref]" time="0.000" /><testcase classname="tests.tasks.test_ocor_dev_0013" name="test_command_missing_any_binding_is_rejected[evidence_refs]" time="0.000" /><testcase classname="tests.tasks.test_ocor_dev_0013" name="test_command_missing_any_binding_is_rejected[claim_source_bindings]" time="0.000" /><testcase classname="tests.tasks.test_ocor_dev_0013" name="test_command_missing_any_binding_is_rejected[precondition_bindings]" time="0.001" /><testcase classname="tests.tasks.test_ocor_dev_0013" name="test_command_missing_any_binding_is_rejected[invariant_bindings]" time="0.001" /><testcase classname="tests.tasks.test_ocor_dev_0013" name="test_command_missing_any_binding_is_rejected[idempotency_key]" time="0.001" /><testcase classname="tests.tasks.test_ocor_dev_0013" name="test_command_missing_any_binding_is_rejected[governed_context]" time="0.000" /><testcase classname="tests.tasks.test_ocor_dev_0013" name="test_command_missing_any_binding_is_rejected[governed_context_digest]" time="0.000" /><testcase classname="tests.tasks.test_ocor_dev_0013" name="test_command_missing_any_binding_is_rejected[gate_package_digest]" time="0.000" /><testcase classname="tests.tasks.test_ocor_dev_0013" name="test_command_missing_any_binding_is_rejected[branch]" time="0.001" /><testcase classname="tests.tasks.test_ocor_dev_0013" name="test_additional_command_field_is_rejected" time="0.000" /><testcase classname="tests.tasks.test_ocor_dev_0013" name="test_only_main_can_produce_canonical_outbox" time="0.001" /><testcase classname="tests.tasks.test_ocor_dev_0013" name="test_revision_and_gcs_mismatch_fail_with_stable_codes" time="0.001" /><testcase classname="tests.tasks.test_ocor_dev_0013" name="test_receipt_binds_revision_state_idempotency_evidence_gcs_and_outbox" time="0.001" /><testcase classname="tests.tasks.test_ocor_dev_0013" name="test_receipt_missing_or_drifting_binding_is_rejected[change0]" time="0.001" /><testcase classname="tests.tasks.test_ocor_dev_0013" name="test_receipt_missing_or_drifting_binding_is_rejected[change1]" time="0.001" /><testcase classname="tests.tasks.test_ocor_dev_0013" name="test_receipt_missing_or_drifting_binding_is_rejected[change2]" time="0.001" /><testcase classname="tests.tasks.test_ocor_dev_0013" name="test_receipt_missing_or_drifting_binding_is_rejected[change3]" time="0.001" /><testcase classname="tests.tasks.test_ocor_dev_0013" name="test_receipt_missing_or_drifting_binding_is_rejected[change4]" time="0.001" /><testcase classname="tests.tasks.test_ocor_dev_0013" name="test_receipt_missing_or_drifting_binding_is_rejected[change5]" time="0.001" /><testcase classname="tests.tasks.test_ocor_dev_0013" name="test_idempotency_replay_returns_original_receipt_only_for_same_content" time="0.001" /><testcase classname="tests.tasks.test_ocor_dev_0013" name="test_idempotency_key_reuse_with_different_content_is_rejected" time="0.001" /><testcase classname="tests.tasks.test_ocor_dev_0013" name="test_idempotency_scope_includes_tenant_type_and_ref" time="0.001" /><testcase classname="tests.tasks.test_ocor_dev_0013" name="test_snapshot_and_outbox_envelope_are_immutable_and_integrity_bound" time="0.001" /><testcase classname="tests.tasks.test_ocor_dev_0013" name="test_all_c3_ports_are_runtime_checkable" time="0.000" /><testcase classname="tests.tasks.test_ocor_dev_0013" name="test_claim_source_binding_requires_all_three_refs" time="0.000" /><testcase classname="tests.tasks.test_ocor_dev_0014" name="test_each_control_has_explicit_available_and_unavailable_semantics[IDENTITY]" time="0.000" /><testcase classname="tests.tasks.test_ocor_dev_0014" name="test_each_control_has_explicit_available_and_unavailable_semantics[POLICY]" time="0.000" /><testcase classname="tests.tasks.test_ocor_dev_0014" name="test_each_control_has_explicit_available_and_unavailable_semantics[WORKLOAD_IDENTITY]" time="0.000" /><testcase classname="tests.tasks.test_ocor_dev_0014" name="test_each_control_has_explicit_available_and_unavailable_semantics[SECRETS]" time="0.000" /><testcase classname="tests.tasks.test_ocor_dev_0014" name="test_each_control_has_explicit_available_and_unavailable_semantics[STOP_EPOCH]" time="0.000" /><testcase classname="tests.tasks.test_ocor_dev_0014" name="test_unavailable_status_requires_bounded_reason" time="0.000" /><testcase classname="tests.tasks.test_ocor_dev_0014" name="test_identity_request_never_carries_raw_credentials" time="0.000" /><testcase classname="tests.tasks.test_ocor_dev_0014" name="test_anonymous_or_shared_fallback_identity_is_rejected[]" time="0.000" /><testcase classname="tests.tasks.test_ocor_dev_0014" name="test_anonymous_or_shared_fallback_identity_is_rejected[anonymous]" time="0.000" /><testcase classname="tests.tasks.test_ocor_dev_0014" name="test_anonymous_or_shared_fallback_identity_is_rejected[ANONYMOUS]" time="0.000" /><testcase classname="tests.tasks.test_ocor_dev_0014" name="test_anonymous_or_shared_fallback_identity_is_rejected[guest]" time="0.000" /><testcase classname="tests.tasks.test_ocor_dev_0014" name="test_unavailable_identity_cannot_construct_authenticated_principal" time="0.000" /><testcase classname="tests.tasks.test_ocor_dev_0014" name="test_policy_permit_is_explicit_and_bound_to_identity_purpose_policy_and_gcs" time="0.000" /><testcase classname="tests.tasks.test_ocor_dev_0014" name="test_unavailable_policy_cannot_degrade_to_permit" time="0.000" /><testcase classname="tests.tasks.test_ocor_dev_0014" name="test_policy_deny_and_constraint_dispositions_are_not_coerced_to_permit" time="0.000" /><testcase classname="tests.tasks.test_ocor_dev_0014" name="test_policy_drift_or_expiry_fails_closed" time="0.000" /><testcase classname="tests.tasks.test_ocor_dev_0014" name="test_workload_identity_requires_attested_unexpired_spiffe_svid" time="0.000" /><testcase classname="tests.tasks.test_ocor_dev_0014" name="test_secret_contract_exposes_only_reference_and_binds_request" time="0.000" /><testcase classname="tests.tasks.test_ocor_dev_0014" name="test_unavailable_secret_provider_has_no_embedded_fallback" time="0.000" /><testcase classname="tests.tasks.test_ocor_dev_0014" name="test_stop_epoch_blocks_active_stop_stale_epoch_and_unavailable_control" time="0.000" /><testcase classname="tests.tasks.test_ocor_dev_0014" name="test_all_security_ports_are_runtime_checkable" time="0.000" /><testcase classname="tests.tasks.test_ocor_dev_0014" name="test_security_records_are_immutable" time="0.000" /></testsuite></testsuites>