<?xml version="1.0" encoding="utf-8"?><testsuites name="pytest tests"><testsuite name="pytest" errors="0" failures="0" skipped="0" tests="193" time="4.458" timestamp="2026-09-02T06:06:38.363901+02:00" hostname="nepryoon"><testcase classname="tests.tasks.test_ocor_dev_0007" name="test_rfc_8785_number_and_string_vectors_produce_stable_bytes" time="0.001" /><testcase classname="tests.tasks.test_ocor_dev_0007" name="test_rfc_8785_appendix_b_binary64_vectors[0000000000000000-0]" time="0.000" /><testcase classname="tests.tasks.test_ocor_dev_0007" name="test_rfc_8785_appendix_b_binary64_vectors[8000000000000000-0]" time="0.000" /><testcase classname="tests.tasks.test_ocor_dev_0007" name="test_rfc_8785_appendix_b_binary64_vectors[0000000000000001-5e-324]" time="0.000" /><testcase classname="tests.tasks.test_ocor_dev_0007" name="test_rfc_8785_appendix_b_binary64_vectors[8000000000000001--5e-324]" time="0.000" /><testcase classname="tests.tasks.test_ocor_dev_0007" name="test_rfc_8785_appendix_b_binary64_vectors[7fefffffffffffff-1.7976931348623157e+308]" time="0.000" /><testcase classname="tests.tasks.test_ocor_dev_0007" name="test_rfc_8785_appendix_b_binary64_vectors[ffefffffffffffff--1.7976931348623157e+308]" time="0.000" /><testcase classname="tests.tasks.test_ocor_dev_0007" name="test_rfc_8785_appendix_b_binary64_vectors[4340000000000000-9007199254740992]" time="0.000" /><testcase classname="tests.tasks.test_ocor_dev_0007" name="test_rfc_8785_appendix_b_binary64_vectors[c340000000000000--9007199254740992]" time="0.000" /><testcase classname="tests.tasks.test_ocor_dev_0007" name="test_rfc_8785_appendix_b_binary64_vectors[4430000000000000-295147905179352830000]" time="0.000" /><testcase classname="tests.tasks.test_ocor_dev_0007" name="test_rfc_8785_appendix_b_binary64_vectors[44b52d02c7e14af5-9.999999999999997e+22]" time="0.000" /><testcase classname="tests.tasks.test_ocor_dev_0007" name="test_rfc_8785_appendix_b_binary64_vectors[44b52d02c7e14af6-1e+23]" time="0.000" /><testcase classname="tests.tasks.test_ocor_dev_0007" name="test_rfc_8785_appendix_b_binary64_vectors[44b52d02c7e14af7-1.0000000000000001e+23]" time="0.000" /><testcase classname="tests.tasks.test_ocor_dev_0007" name="test_rfc_8785_appendix_b_binary64_vectors[444b1ae4d6e2ef4c-999999999999999500000]" time="0.000" /><testcase classname="tests.tasks.test_ocor_dev_0007" name="test_rfc_8785_appendix_b_binary64_vectors[444b1ae4d6e2ef4d-999999999999999600000]" time="0.000" /><testcase classname="tests.tasks.test_ocor_dev_0007" name="test_rfc_8785_appendix_b_binary64_vectors[444b1ae4d6e2ef4e-999999999999999700000]" time="0.000" /><testcase classname="tests.tasks.test_ocor_dev_0007" name="test_rfc_8785_appendix_b_binary64_vectors[444b1ae4d6e2ef4f-999999999999999900000]" time="0.000" /><testcase classname="tests.tasks.test_ocor_dev_0007" name="test_rfc_8785_appendix_b_binary64_vectors[444b1ae4d6e2ef50-1e+21]" time="0.000" /><testcase classname="tests.tasks.test_ocor_dev_0007" name="test_rfc_8785_appendix_b_binary64_vectors[3eb0c6f7a0b5ed8c-9.999999999999997e-7]" time="0.000" /><testcase classname="tests.tasks.test_ocor_dev_0007" name="test_rfc_8785_appendix_b_binary64_vectors[3eb0c6f7a0b5ed8d-0.000001]" time="0.000" /><testcase classname="tests.tasks.test_ocor_dev_0007" name="test_rfc_8785_appendix_b_binary64_vectors[3e7ad7f29abcaf48-1e-7]" time="0.000" /><testcase classname="tests.tasks.test_ocor_dev_0007" name="test_exact_two_to_the_53_integer_has_independent_golden_digest" time="0.000" /><testcase classname="tests.tasks.test_ocor_dev_0007" name="test_number_serialization_matches_node_ecmascript_boundary[9007199254740992]" time="0.027" /><testcase classname="tests.tasks.test_ocor_dev_0007" name="test_number_serialization_matches_node_ecmascript_boundary[9007199254740993]" time="0.031" /><testcase classname="tests.tasks.test_ocor_dev_0007" name="test_number_serialization_matches_node_ecmascript_boundary[-9007199254740992]" time="0.028" /><testcase classname="tests.tasks.test_ocor_dev_0007" name="test_number_serialization_matches_node_ecmascript_boundary[295147905179352830000]" time="0.039" /><testcase classname="tests.tasks.test_ocor_dev_0007" name="test_number_serialization_matches_node_ecmascript_boundary[999999999999999900000]" time="0.029" /><testcase classname="tests.tasks.test_ocor_dev_0007" name="test_number_serialization_matches_node_ecmascript_boundary[1e23]" time="0.026" /><testcase classname="tests.tasks.test_ocor_dev_0007" name="test_number_serialization_matches_node_ecmascript_boundary[1e-7]" time="0.034" /><testcase classname="tests.tasks.test_ocor_dev_0007" name="test_number_serialization_matches_node_ecmascript_boundary[0.000001]" time="0.032" /><testcase classname="tests.tasks.test_ocor_dev_0007" name="test_utf16_property_order_matches_rfc_8785" time="0.000" /><testcase classname="tests.tasks.test_ocor_dev_0007" name="test_digest_is_lowercase_urn_and_recalculation_fails_closed" time="0.000" /><testcase classname="tests.tasks.test_ocor_dev_0007" name="test_semantic_set_is_canonically_sorted_and_rejects_duplicates" time="0.000" /><testcase classname="tests.tasks.test_ocor_dev_0007" name="test_utc_wire_boundaries_are_strict_and_normalized" time="0.000" /><testcase classname="tests.tasks.test_ocor_dev_0007" name="test_noncanonical_or_unrepresentable_wire_time_is_rejected[2026-09-02T00:00:00]" time="0.000" /><testcase classname="tests.tasks.test_ocor_dev_0007" name="test_noncanonical_or_unrepresentable_wire_time_is_rejected[2026-09-02T00:00:00+00:00]" time="0.000" /><testcase classname="tests.tasks.test_ocor_dev_0007" name="test_noncanonical_or_unrepresentable_wire_time_is_rejected[2026-09-02t00:00:00z]" time="0.000" /><testcase classname="tests.tasks.test_ocor_dev_0007" name="test_noncanonical_or_unrepresentable_wire_time_is_rejected[2026-09-02T00:00:60Z]" time="0.000" /><testcase classname="tests.tasks.test_ocor_dev_0007" name="test_noncanonical_or_unrepresentable_wire_time_is_rejected[2026-09-02T00:00:00.1234567Z]" time="0.000" /><testcase classname="tests.tasks.test_ocor_dev_0007" name="test_correlation_and_causation_ids_are_canonical_rfc4122_uuids" time="0.000" /><testcase classname="tests.tasks.test_ocor_dev_0007" name="test_malformed_identifiers_are_rejected[]" time="0.000" /><testcase classname="tests.tasks.test_ocor_dev_0007" name="test_malformed_identifiers_are_rejected[550E8400-E29B-41D4-A716-446655440000]" time="0.000" /><testcase classname="tests.tasks.test_ocor_dev_0007" name="test_malformed_identifiers_are_rejected[{550e8400-e29b-41d4-a716-446655440000}]" time="0.000" /><testcase classname="tests.tasks.test_ocor_dev_0007" name="test_malformed_identifiers_are_rejected[00000000-0000-0000-0000-000000000000]" time="0.000" /><testcase classname="tests.tasks.test_ocor_dev_0007" name="test_malformed_identifiers_are_rejected[not-a-uuid]" time="0.000" /><testcase classname="tests.tasks.test_ocor_dev_0007" name="test_duplicate_keys_and_non_i_json_values_are_rejected[{&quot;a&quot;:1,&quot;a&quot;:2}]" time="0.000" /><testcase classname="tests.tasks.test_ocor_dev_0007" name="test_duplicate_keys_and_non_i_json_values_are_rejected[{&quot;value&quot;:NaN}]" time="0.000" /><testcase classname="tests.tasks.test_ocor_dev_0007" name="test_duplicate_keys_and_non_i_json_values_are_rejected[{&quot;value&quot;:1e10000}]" time="0.000" /><testcase classname="tests.tasks.test_ocor_dev_0007" name="test_duplicate_keys_and_non_i_json_values_are_rejected[&quot;\ud800&quot;]" time="0.000" /><testcase classname="tests.tasks.test_ocor_dev_0007" name="test_kernel_errors_expose_stable_bounded_reason_codes" time="0.000" /><testcase classname="tests.tasks.test_ocor_dev_0007" name="test_canonical_and_digest_errors_are_typed_and_bounded" time="0.000" /><testcase classname="tests.tasks.test_ocor_dev_0008" name="test_closed_eleven_field_record_canonicalizes_only_set_fields" time="0.001" /><testcase classname="tests.tasks.test_ocor_dev_0008" name="test_equivalent_compartment_sets_have_identical_bytes_and_digest" time="0.001" /><testcase classname="tests.tasks.test_ocor_dev_0008" name="test_missing_field_fails_closed[tenant_id]" time="0.000" /><testcase classname="tests.tasks.test_ocor_dev_0008" name="test_missing_field_fails_closed[organization_id]" time="0.000" /><testcase classname="tests.tasks.test_ocor_dev_0008" name="test_missing_field_fails_closed[domain_id]" time="0.000" /><testcase classname="tests.tasks.test_ocor_dev_0008" name="test_missing_field_fails_closed[compartments]" time="0.000" /><testcase classname="tests.tasks.test_ocor_dev_0008" name="test_missing_field_fails_closed[classification_marking_ref]" time="0.000" /><testcase classname="tests.tasks.test_ocor_dev_0008" name="test_missing_field_fails_closed[purpose]" time="0.000" /><testcase classname="tests.tasks.test_ocor_dev_0008" name="test_missing_field_fails_closed[effective_principal_id]" time="0.000" /><testcase classname="tests.tasks.test_ocor_dev_0008" name="test_missing_field_fails_closed[actor_chain]" time="0.000" /><testcase classname="tests.tasks.test_ocor_dev_0008" name="test_missing_field_fails_closed[ontology_release_digest]" time="0.000" /><testcase classname="tests.tasks.test_ocor_dev_0008" name="test_missing_field_fails_closed[policy_bundle_digest]" time="0.000" /><testcase classname="tests.tasks.test_ocor_dev_0008" name="test_missing_field_fails_closed[correlation_id]" time="0.000" /><testcase classname="tests.tasks.test_ocor_dev_0008" name="test_extra_or_alias_field_fails_closed[principal_id]" time="0.000" /><testcase classname="tests.tasks.test_ocor_dev_0008" name="test_extra_or_alias_field_fails_closed[causation_id]" time="0.000" /><testcase classname="tests.tasks.test_ocor_dev_0008" name="test_extra_or_alias_field_fails_closed[trace_id]" time="0.000" /><testcase classname="tests.tasks.test_ocor_dev_0008" name="test_non_canonical_or_coerced_values_fail[tenant_id-7]" time="0.000" /><testcase classname="tests.tasks.test_ocor_dev_0008" name="test_non_canonical_or_coerced_values_fail[purpose-]" time="0.000" /><testcase classname="tests.tasks.test_ocor_dev_0008" name="test_non_canonical_or_coerced_values_fail[compartments-urn:ocor:compartment:not-an-array]" time="0.000" /><testcase classname="tests.tasks.test_ocor_dev_0008" name="test_non_canonical_or_coerced_values_fail[actor_chain-bad_value3]" time="0.000" /><testcase classname="tests.tasks.test_ocor_dev_0008" name="test_non_canonical_or_coerced_values_fail[classification_marking_ref-sha256:aaaaaaaaaaaaaaaaaaaaaaaaaaaaaaaaaaaaaaaaaaaaaaaaaaaaaaaaaaaaaaaa]" time="0.000" /><testcase classname="tests.tasks.test_ocor_dev_0008" name="test_non_canonical_or_coerced_values_fail[ontology_release_digest-urn:sha256:AAAAAAAAAAAAAAAAAAAAAAAAAAAAAAAAAAAAAAAAAAAAAAAAAAAAAAAAAAAAAAAA]" time="0.000" /><testcase classname="tests.tasks.test_ocor_dev_0008" name="test_non_canonical_or_coerced_values_fail[policy_bundle_digest-urn:sha256:short]" time="0.000" /><testcase classname="tests.tasks.test_ocor_dev_0008" name="test_non_canonical_or_coerced_values_fail[correlation_id-not-a-uuid]" time="0.000" /><testcase classname="tests.tasks.test_ocor_dev_0008" name="test_duplicate_array_values_fail[compartments]" time="0.000" /><testcase classname="tests.tasks.test_ocor_dev_0008" name="test_duplicate_array_values_fail[actor_chain]" time="0.000" /><testcase classname="tests.tasks.test_ocor_dev_0008" name="test_json_boundary_round_trip_verifies_binding_and_digest" time="0.001" /><testcase classname="tests.tasks.test_ocor_dev_0008" name="test_json_boundary_rejects_duplicate_keys" time="0.001" /><testcase classname="tests.tasks.test_ocor_dev_0008" name="test_openapi_boundary_round_trip_is_identical" time="0.001" /><testcase classname="tests.tasks.test_ocor_dev_0008" name="test_openapi_component_uses_and_accepts_the_approved_closed_schema" time="0.025" /><testcase classname="tests.tasks.test_ocor_dev_0008" name="test_verified_binding_mismatch_fails_before_use[tenant_id]" time="0.001" /><testcase classname="tests.tasks.test_ocor_dev_0008" name="test_verified_binding_mismatch_fails_before_use[compartments]" time="0.000" /><testcase classname="tests.tasks.test_ocor_dev_0008" name="test_verified_binding_mismatch_fails_before_use[effective_principal_id]" time="0.000" /><testcase classname="tests.tasks.test_ocor_dev_0008" name="test_verified_binding_mismatch_fails_before_use[actor_chain]" time="0.000" /><testcase classname="tests.tasks.test_ocor_dev_0008" name="test_verified_binding_mismatch_fails_before_use[ontology_release_digest]" time="0.000" /><testcase classname="tests.tasks.test_ocor_dev_0008" name="test_verified_binding_mismatch_fails_before_use[policy_bundle_digest]" time="0.000" /><testcase classname="tests.tasks.test_ocor_dev_0008" name="test_claimed_digest_mismatch_fails_closed" time="0.000" /><testcase classname="tests.tasks.test_ocor_dev_0008" name="test_real_proto_invocation_context_round_trip_uses_verified_identity_binding" time="0.046" /><testcase classname="tests.tasks.test_ocor_dev_0008" name="test_real_proto_stale_pin_fails_before_dispatch[ontology_release_digest]" time="0.001" /><testcase classname="tests.tasks.test_ocor_dev_0008" name="test_real_proto_stale_pin_fails_before_dispatch[policy_bundle_digest]" time="0.001" /><testcase classname="tests.tasks.test_ocor_dev_0008" name="test_real_proto_tampered_digest_fails_before_dispatch" time="0.001" /><testcase classname="tests.tasks.test_ocor_dev_0008" name="test_context_and_verified_binding_are_immutable" time="0.000" /><testcase classname="tests.tasks.test_ocor_dev_0008" name="test_isolation_key_contains_the_exact_normative_partition" time="0.000" /><testcase classname="tests.tasks.test_ocor_dev_0009" name="test_valid_authority_preserves_scope_purpose_ttl_and_binding" time="0.001" /><testcase classname="tests.tasks.test_ocor_dev_0009" name="test_authority_cannot_be_widened[change0-AUTHORITY_SCOPE_MISMATCH]" time="0.001" /><testcase classname="tests.tasks.test_ocor_dev_0009" name="test_authority_cannot_be_widened[change1-AUTHORITY_SCOPE_MISMATCH]" time="0.000" /><testcase classname="tests.tasks.test_ocor_dev_0009" name="test_authority_cannot_be_widened[change2-AUTHORITY_SCOPE_MISMATCH]" time="0.000" /><testcase classname="tests.tasks.test_ocor_dev_0009" name="test_authority_cannot_be_widened[change3-AUTHORITY_SCOPE_MISMATCH]" time="0.000" /><testcase classname="tests.tasks.test_ocor_dev_0009" name="test_authority_time_window_fails_closed[change0-AUTHORITY_NOT_YET_VALID]" time="0.000" /><testcase classname="tests.tasks.test_ocor_dev_0009" name="test_authority_time_window_fails_closed[change1-AUTHORITY_EXPIRED]" time="0.001" /><testcase classname="tests.tasks.test_ocor_dev_0009" name="test_unsigned_or_revoked_authority_fails_closed[False-False-AUTHORITY_UNSIGNED]" time="0.000" /><testcase classname="tests.tasks.test_ocor_dev_0009" name="test_unsigned_or_revoked_authority_fails_closed[True-True-AUTHORITY_REVOKED]" time="0.000" /><testcase classname="tests.tasks.test_ocor_dev_0009" name="test_policy_purpose_and_compartment_are_part_of_authority_scope" time="0.000" /><testcase classname="tests.tasks.test_ocor_dev_0009" name="test_capability_lease_matches_the_approved_closed_schema" time="0.001" /><testcase classname="tests.tasks.test_ocor_dev_0009" name="test_capability_lease_rejects_missing_fields[lease_id]" time="0.000" /><testcase classname="tests.tasks.test_ocor_dev_0009" name="test_capability_lease_rejects_missing_fields[capability_id]" time="0.000" /><testcase classname="tests.tasks.test_ocor_dev_0009" name="test_capability_lease_rejects_missing_fields[effective_principal_id]" time="0.000" /><testcase classname="tests.tasks.test_ocor_dev_0009" name="test_capability_lease_rejects_missing_fields[delegation_ref]" time="0.001" /><testcase classname="tests.tasks.test_ocor_dev_0009" name="test_capability_lease_rejects_missing_fields[action_instance_id]" time="0.001" /><testcase classname="tests.tasks.test_ocor_dev_0009" name="test_capability_lease_rejects_missing_fields[governed_context_digest]" time="0.001" /><testcase classname="tests.tasks.test_ocor_dev_0009" name="test_capability_lease_rejects_missing_fields[gate_package_digest]" time="0.001" /><testcase classname="tests.tasks.test_ocor_dev_0009" name="test_capability_lease_rejects_missing_fields[stop_epoch]" time="0.001" /><testcase classname="tests.tasks.test_ocor_dev_0009" name="test_capability_lease_rejects_missing_fields[fencing_token]" time="0.000" /><testcase classname="tests.tasks.test_ocor_dev_0009" name="test_capability_lease_rejects_missing_fields[issued_at]" time="0.000" /><testcase classname="tests.tasks.test_ocor_dev_0009" name="test_capability_lease_rejects_missing_fields[expires_at]" time="0.000" /><testcase classname="tests.tasks.test_ocor_dev_0009" name="test_capability_lease_rejects_additional_fields" time="0.000" /><testcase classname="tests.tasks.test_ocor_dev_0009" name="test_capability_lease_ttl_cannot_exceed_five_seconds" time="0.000" /><testcase classname="tests.tasks.test_ocor_dev_0009" name="test_valid_lease_is_consumed_once_atomically" time="0.000" /><testcase classname="tests.tasks.test_ocor_dev_0009" name="test_unsigned_or_revoked_lease_fails_closed[False-False-LEASE_INVALID]" time="0.001" /><testcase classname="tests.tasks.test_ocor_dev_0009" name="test_unsigned_or_revoked_lease_fails_closed[True-True-LEASE_REVOKED]" time="0.001" /><testcase classname="tests.tasks.test_ocor_dev_0009" name="test_expired_lease_fails_closed" time="0.000" /><testcase classname="tests.tasks.test_ocor_dev_0009" name="test_lease_binding_mismatch_has_stable_reason[capability_id]" time="0.000" /><testcase classname="tests.tasks.test_ocor_dev_0009" name="test_lease_binding_mismatch_has_stable_reason[effective_principal_id]" time="0.000" /><testcase classname="tests.tasks.test_ocor_dev_0009" name="test_lease_binding_mismatch_has_stable_reason[delegation_ref]" time="0.000" /><testcase classname="tests.tasks.test_ocor_dev_0009" name="test_lease_binding_mismatch_has_stable_reason[action_instance_id]" time="0.000" /><testcase classname="tests.tasks.test_ocor_dev_0009" name="test_lease_binding_mismatch_has_stable_reason[governed_context_digest]" time="0.000" /><testcase classname="tests.tasks.test_ocor_dev_0009" name="test_lease_binding_mismatch_has_stable_reason[gate_package_digest]" time="0.001" /><testcase classname="tests.tasks.test_ocor_dev_0009" name="test_lease_epoch_and_fencing_fail_with_specific_reasons[change0-STOP_EPOCH_MISMATCH]" time="0.001" /><testcase classname="tests.tasks.test_ocor_dev_0009" name="test_lease_epoch_and_fencing_fail_with_specific_reasons[change1-FENCING_TOKEN_STALE]" time="0.001" /><testcase classname="tests.tasks.test_ocor_dev_0009" name="test_evidence_is_content_addressed_immutable_and_retained" time="0.000" /><testcase classname="tests.tasks.test_ocor_dev_0009" name="test_evidence_requires_chain_of_custody_and_valid_retention" time="0.000" /><testcase classname="tests.tasks.test_ocor_dev_0009" name="test_provenance_preserves_evidence_and_causal_bindings" time="0.000" /><testcase classname="tests.tasks.test_ocor_dev_0009" name="test_incomplete_or_malformed_provenance_fails_closed[change0]" time="0.000" /><testcase classname="tests.tasks.test_ocor_dev_0009" name="test_incomplete_or_malformed_provenance_fails_closed[change1]" time="0.000" /><testcase classname="tests.tasks.test_ocor_dev_0009" name="test_incomplete_or_malformed_provenance_fails_closed[change2]" time="0.000" /><testcase classname="tests.tasks.test_ocor_dev_0009" name="test_incomplete_or_malformed_provenance_fails_closed[change3]" time="0.000" /><testcase classname="tests.tasks.test_ocor_dev_0009" name="test_incomplete_or_malformed_provenance_fails_closed[change4]" time="0.001" /><testcase classname="tests.tasks.test_ocor_dev_0009" name="test_incomplete_or_malformed_provenance_fails_closed[change5]" time="0.000" /><testcase classname="tests.tasks.test_ocor_dev_0009" name="test_typed_error_taxonomy_is_stable_and_retry_safe" time="0.000" /><testcase classname="tests.tasks.test_ocor_dev_0010" name="test_pinned_sources_cover_every_approved_contract" time="0.000" /><testcase classname="tests.tasks.test_ocor_dev_0010" name="test_real_openapi_proto_and_json_schema_generate_reproducibly" time="0.590" /><testcase classname="tests.tasks.test_ocor_dev_0010" name="test_generated_python_and_typescript_expose_same_model_inventory" time="0.334" /><testcase classname="tests.tasks.test_ocor_dev_0010" name="test_check_generated_detects_drift" time="0.817" /><testcase classname="tests.tasks.test_ocor_dev_0010" name="test_source_drift_fails_before_generation" time="0.002" /><testcase classname="tests.tasks.test_ocor_dev_0010" name="test_open_public_request_record_is_rejected" time="0.288" /><testcase classname="tests.tasks.test_ocor_dev_0010" name="test_backend_identifiers_are_rejected[TypeDB]" time="0.002" /><testcase classname="tests.tasks.test_ocor_dev_0010" name="test_backend_identifiers_are_rejected[TerminusDB]" time="0.002" /><testcase classname="tests.tasks.test_ocor_dev_0010" name="test_backend_identifiers_are_rejected[SPARQL]" time="0.001" /><testcase classname="tests.tasks.test_ocor_dev_0010" name="test_backend_identifiers_are_rejected[TypeQL]" time="0.001" /><testcase classname="tests.tasks.test_ocor_dev_0010" name="test_backend_identifiers_are_rejected[WOQL]" time="0.001" /><testcase classname="tests.tasks.test_ocor_dev_0010" name="test_backend_identifiers_are_rejected[backend_table_id]" time="0.001" /><testcase classname="tests.tasks.test_ocor_dev_0010" name="test_unknown_openapi_reference_is_rejected" time="0.129" /><testcase classname="tests.tasks.test_ocor_dev_0010" name="test_invalid_proto_is_rejected" time="0.312" /><testcase classname="tests.tasks.test_ocor_dev_0010" name="test_cli_check_succeeds_only_for_exact_generated_tree" time="1.245" /><testcase classname="tests.tasks.test_ocor_dev_0011" name="test_source_unit_is_typed_content_addressed_and_immutable" time="0.000" /><testcase classname="tests.tasks.test_ocor_dev_0011" name="test_source_digest_changes_with_source_bytes" time="0.000" /><testcase classname="tests.tasks.test_ocor_dev_0011" name="test_unknown_source_syntax_is_rejected_with_stable_code[TURTLE]" time="0.000" /><testcase classname="tests.tasks.test_ocor_dev_0011" name="test_unknown_source_syntax_is_rejected_with_stable_code[SQL]" time="0.000" /><testcase classname="tests.tasks.test_ocor_dev_0011" name="test_unknown_source_syntax_is_rejected_with_stable_code[WOQL]" time="0.000" /><testcase classname="tests.tasks.test_ocor_dev_0011" name="test_empty_source_is_rejected" time="0.000" /><testcase classname="tests.tasks.test_ocor_dev_0011" name="test_compiler_request_is_exact_and_immutable" time="0.000" /><testcase classname="tests.tasks.test_ocor_dev_0011" name="test_duplicate_source_identity_is_rejected" time="0.000" /><testcase classname="tests.tasks.test_ocor_dev_0011" name="test_unlocked_import_is_rejected_before_parse" time="0.000" /><testcase classname="tests.tasks.test_ocor_dev_0011" name="test_invalid_lock_digest_is_rejected" time="0.000" /><testcase classname="tests.tasks.test_ocor_dev_0011" name="test_reference_resolution_reports_sorted_unresolved_ids" time="0.000" /><testcase classname="tests.tasks.test_ocor_dev_0011" name="test_canonical_release_bytes_and_digest_are_stable_under_mapping_order" time="0.001" /><testcase classname="tests.tasks.test_ocor_dev_0011" name="test_release_core_and_artifact_manifest_are_deeply_immutable" time="0.000" /><testcase classname="tests.tasks.test_ocor_dev_0011" name="test_release_rejects_duplicate_artifact_ids" time="0.000" /><testcase classname="tests.tasks.test_ocor_dev_0011" name="test_determinism_guard_accepts_identical_builds" time="0.000" /><testcase classname="tests.tasks.test_ocor_dev_0011" name="test_determinism_guard_rejects_different_generation" time="0.000" /><testcase classname="tests.tasks.test_ocor_dev_0011" name="test_diagnostics_have_deterministic_order_and_safe_shape" time="0.000" /><testcase classname="tests.tasks.test_ocor_dev_0011" name="test_named_ports_are_runtime_checkable_protocols" time="0.000" /><testcase classname="tests.tasks.test_ocor_dev_rem_0007" name="test_real_governed_context_json_boundary_uses_canonical_kernel" time="0.001" /><testcase classname="tests.tasks.test_ocor_dev_rem_0007" name="test_boundary_fault_injection_rejects_corrupted_digest" time="0.000" /><testcase classname="tests.tasks.test_ocor_dev_rem_0007" name="test_hash_provider_failure_is_typed_bounded_and_cannot_produce_a_false_digest" time="0.000" /><testcase classname="tests.acceptance_ev.test_ev_001_010_semantics_identity" name="test_ev_001_rfc8785_object_order_is_deterministic" time="0.000" /><testcase classname="tests.acceptance_ev.test_ev_001_010_semantics_identity" name="test_ev_002_rfc8785_ecmascript_number_boundaries_and_escaping" time="0.000" /><testcase classname="tests.acceptance_ev.test_ev_001_010_semantics_identity" name="test_ev_003_non_i_json_values_fail_closed" time="0.000" /><testcase classname="tests.acceptance_ev.test_ev_001_010_semantics_identity" name="test_ev_004_compiler_is_content_addressed_and_output_is_immutable" time="0.000" /><testcase classname="tests.acceptance_ev.test_ev_001_010_semantics_identity" name="test_ev_005_compiler_enforces_normative_schema_and_external_references" time="0.008" /><testcase classname="tests.acceptance_ev.test_ev_001_010_semantics_identity" name="test_ev_006_canonical_identity_is_resolved_exactly" time="0.000" /><testcase classname="tests.acceptance_ev.test_ev_001_010_semantics_identity" name="test_ev_007_unique_normalized_alias_resolves_to_canonical_identity" time="0.000" /><testcase classname="tests.acceptance_ev.test_ev_001_010_semantics_identity" name="test_ev_008_unknown_identity_produces_explicit_abstention" time="0.000" /><testcase classname="tests.acceptance_ev.test_ev_001_010_semantics_identity" name="test_ev_009_ambiguous_identity_produces_abstention_not_a_guess" time="0.000" /><testcase classname="tests.acceptance_ev.test_ev_001_010_semantics_identity" name="test_ev_010_identity_evidence_requires_threshold_and_margin_and_records_are_immutable" time="0.000" /><testcase classname="tests.backend_assumptions.test_ba04_canonicalization" name="test_ba04_rfc8785_known_number_and_string_vector" time="0.000" /><testcase classname="tests.backend_assumptions.test_ba04_canonicalization" name="test_ba04_key_order_does_not_change_digest_and_utf16_order_is_used" time="0.000" /><testcase classname="tests.backend_assumptions.test_ba04_canonicalization" name="test_ba04_non_interoperable_numbers_are_rejected[nan]" time="0.000" /><testcase classname="tests.backend_assumptions.test_ba04_canonicalization" name="test_ba04_non_interoperable_numbers_are_rejected[inf]" time="0.000" /><testcase classname="tests.backend_assumptions.test_ba04_canonicalization" name="test_ba04_non_interoperable_numbers_are_rejected[9007199254740993]" time="0.000" /><testcase classname="tests.backend_assumptions.test_ba04_canonicalization" name="test_ba04_exact_binary64_integer_boundary_is_canonical" time="0.000" /><testcase classname="tests.backend_assumptions.test_ba04_canonicalization" name="test_ba04_duplicate_json_members_are_rejected" time="0.000" /></testsuite></testsuites>