<?xml version="1.0" encoding="utf-8"?><testsuites name="pytest tests"><testsuite name="pytest" errors="0" failures="0" skipped="0" tests="359" time="5.229" timestamp="2026-09-02T06:06:43.094170+02:00" hostname="nepryoon"><testcase classname="tests.acceptance_ev.test_ev_001_010_semantics_identity" name="test_ev_001_rfc8785_object_order_is_deterministic" time="0.001" /><testcase classname="tests.acceptance_ev.test_ev_001_010_semantics_identity" name="test_ev_002_rfc8785_ecmascript_number_boundaries_and_escaping" time="0.000" /><testcase classname="tests.acceptance_ev.test_ev_001_010_semantics_identity" name="test_ev_003_non_i_json_values_fail_closed" time="0.000" /><testcase classname="tests.acceptance_ev.test_ev_001_010_semantics_identity" name="test_ev_004_compiler_is_content_addressed_and_output_is_immutable" time="0.000" /><testcase classname="tests.acceptance_ev.test_ev_001_010_semantics_identity" name="test_ev_005_compiler_enforces_normative_schema_and_external_references" time="0.008" /><testcase classname="tests.acceptance_ev.test_ev_001_010_semantics_identity" name="test_ev_006_canonical_identity_is_resolved_exactly" time="0.000" /><testcase classname="tests.acceptance_ev.test_ev_001_010_semantics_identity" name="test_ev_007_unique_normalized_alias_resolves_to_canonical_identity" time="0.000" /><testcase classname="tests.acceptance_ev.test_ev_001_010_semantics_identity" name="test_ev_008_unknown_identity_produces_explicit_abstention" time="0.000" /><testcase classname="tests.acceptance_ev.test_ev_001_010_semantics_identity" name="test_ev_009_ambiguous_identity_produces_abstention_not_a_guess" time="0.000" /><testcase classname="tests.acceptance_ev.test_ev_001_010_semantics_identity" name="test_ev_010_identity_evidence_requires_threshold_and_margin_and_records_are_immutable" time="0.000" /><testcase classname="tests.acceptance_ev.test_ev_011_019_store_marking" name="test_ev_011_single_writer_boundary_rejects_replica_mutation" time="0.000" /><testcase classname="tests.acceptance_ev.test_ev_011_019_store_marking" name="test_ev_012_optimistic_version_precondition_prevents_lost_update" time="0.000" /><testcase classname="tests.acceptance_ev.test_ev_011_019_store_marking" name="test_ev_013_all_five_crash_windows_preserve_atomic_visibility" time="0.000" /><testcase classname="tests.acceptance_ev.test_ev_011_019_store_marking" name="test_ev_014_idempotent_retry_cannot_duplicate_an_outbox_event" time="0.000" /><testcase classname="tests.acceptance_ev.test_ev_011_019_store_marking" name="test_ev_015_outbox_events_are_committed_integrity_bound_and_versioned" time="0.000" /><testcase classname="tests.acceptance_ev.test_ev_011_019_store_marking" name="test_ev_016_marking_total_order_join_is_the_least_upper_bound" time="0.000" /><testcase classname="tests.acceptance_ev.test_ev_011_019_store_marking" name="test_ev_017_marking_partial_lattice_join_combines_compartments" time="0.000" /><testcase classname="tests.acceptance_ev.test_ev_011_019_store_marking" name="test_ev_018_multi_scheme_join_is_monotonic_and_clearance_is_fail_closed" time="0.000" /><testcase classname="tests.acceptance_ev.test_ev_011_019_store_marking" name="test_ev_019_marking_non_interference_preserves_semantic_identity" time="0.000" /><testcase classname="tests.acceptance_ev.test_ev_020_028_actions_capabilities" name="test_ev_020_all_act_t01_through_act_t31b_transitions_are_executable_contracts" time="0.002" /><testcase classname="tests.acceptance_ev.test_ev_020_028_actions_capabilities" name="test_ev_021_happy_path_transition_history_is_complete_and_tamper_evident" time="0.001" /><testcase classname="tests.acceptance_ev.test_ev_020_028_actions_capabilities" name="test_ev_022_undefined_transition_is_rejected_without_mutating_action" time="0.000" /><testcase classname="tests.acceptance_ev.test_ev_020_028_actions_capabilities" name="test_ev_023_temporal_execution_guards_use_inclusive_start_exclusive_end" time="0.000" /><testcase classname="tests.acceptance_ev.test_ev_020_028_actions_capabilities" name="test_ev_024_audit_hash_chain_detects_evidence_tampering" time="0.000" /><testcase classname="tests.acceptance_ev.test_ev_020_028_actions_capabilities" name="test_ev_025_compensation_and_identify_abstention_are_explicit_fsm_outcomes" time="0.002" /><testcase classname="tests.acceptance_ev.test_ev_020_028_actions_capabilities" name="test_ev_026_capability_lease_expiration_is_enforced_at_exact_boundary" time="0.000" /><testcase classname="tests.acceptance_ev.test_ev_020_028_actions_capabilities" name="test_ev_027_capability_subject_operation_and_resource_scopes_do_not_leak" time="0.000" /><testcase classname="tests.acceptance_ev.test_ev_020_028_actions_capabilities" name="test_ev_028_delegation_revocation_and_usage_limits_cannot_be_bypassed" time="0.000" /><testcase classname="tests.acceptance_ev.test_ev_029_035_fence_agent_e2e" name="test_ev_029_emission_fence_blocks_uncommitted_or_integrity_broken_events" time="0.000" /><testcase classname="tests.acceptance_ev.test_ev_029_035_fence_agent_e2e" name="test_ev_030_emission_fence_orders_and_deduplicates_external_effects" time="0.001" /><testcase classname="tests.acceptance_ev.test_ev_029_035_fence_agent_e2e" name="test_ev_031_emission_requires_both_capability_and_marking_clearance" time="0.000" /><testcase classname="tests.acceptance_ev.test_ev_029_035_fence_agent_e2e" name="test_ev_032_strict_sandbox_allows_pure_tools_and_blocks_escape_syntax" time="0.000" /><testcase classname="tests.acceptance_ev.test_ev_029_035_fence_agent_e2e" name="test_ev_033_token_budget_preflights_and_enforces_actual_model_output" time="0.000" /><testcase classname="tests.acceptance_ev.test_ev_029_035_fence_agent_e2e" name="test_ev_034_agent_kernel_identifies_only_uniquely_and_otherwise_abstains" time="0.000" /><testcase classname="tests.acceptance_ev.test_ev_029_035_fence_agent_e2e" name="test_ev_035_end_to_end_c1_through_c8_semantic_action_emission" time="0.008" /><testcase classname="tests.backend_assumptions.test_ba01_atomic_outbox" name="test_ba01_precommit_crash_windows_publish_neither_document_nor_event[before-transaction]" time="0.000" /><testcase classname="tests.backend_assumptions.test_ba01_atomic_outbox" name="test_ba01_precommit_crash_windows_publish_neither_document_nor_event[after-transaction-begin]" time="0.000" /><testcase classname="tests.backend_assumptions.test_ba01_atomic_outbox" name="test_ba01_precommit_crash_windows_publish_neither_document_nor_event[after-aggregate-stage]" time="0.000" /><testcase classname="tests.backend_assumptions.test_ba01_atomic_outbox" name="test_ba01_precommit_crash_windows_publish_neither_document_nor_event[after-outbox-stage]" time="0.000" /><testcase classname="tests.backend_assumptions.test_ba01_atomic_outbox" name="test_ba01_postcommit_preack_crash_publishes_both_and_retry_is_idempotent" time="0.000" /><testcase classname="tests.backend_assumptions.test_ba01_atomic_outbox" name="test_ba01_ratified_postgresql_fallback_is_selectable_and_has_reconciler" time="0.000" /><testcase classname="tests.backend_assumptions.test_ba01_atomic_outbox" name="test_ba01_atomic_backend_is_not_replaced" time="0.000" /><testcase classname="tests.backend_assumptions.test_ba01_postgres_fallback" name="test_ba01_postgresql_fallback_initializes_and_commits_aggregate_outbox_and_intent" time="0.000" /><testcase classname="tests.backend_assumptions.test_ba01_postgres_fallback" name="test_ba01_postgresql_fallback_replays_idempotency_receipt" time="0.000" /><testcase classname="tests.backend_assumptions.test_ba01_postgres_fallback" name="test_ba01_postgresql_fallback_rolls_back_stale_version" time="0.000" /><testcase classname="tests.backend_assumptions.test_ba01_postgres_fallback" name="test_ba01_reconciler_repairs_missing_event_from_durable_intent" time="0.000" /><testcase classname="tests.backend_assumptions.test_ba01_postgres_fallback" name="test_ba01_reconciler_rejects_nonpositive_batch_limit" time="0.000" /><testcase classname="tests.backend_assumptions.test_ba02_idempotency" name="test_ba02_identical_retry_replays_the_original_receipt" time="0.000" /><testcase classname="tests.backend_assumptions.test_ba02_idempotency" name="test_ba02_idempotency_key_cannot_be_rebound" time="0.000" /><testcase classname="tests.backend_assumptions.test_ba03_single_writer" name="test_ba03_non_authoritative_writer_is_rejected" time="0.000" /><testcase classname="tests.backend_assumptions.test_ba03_single_writer" name="test_ba03_optimistic_version_allows_only_one_concurrent_update" time="0.001" /><testcase classname="tests.backend_assumptions.test_ba04_canonicalization" name="test_ba04_rfc8785_known_number_and_string_vector" time="0.000" /><testcase classname="tests.backend_assumptions.test_ba04_canonicalization" name="test_ba04_key_order_does_not_change_digest_and_utf16_order_is_used" time="0.000" /><testcase classname="tests.backend_assumptions.test_ba04_canonicalization" name="test_ba04_non_interoperable_numbers_are_rejected[nan]" time="0.000" /><testcase classname="tests.backend_assumptions.test_ba04_canonicalization" name="test_ba04_non_interoperable_numbers_are_rejected[inf]" time="0.000" /><testcase classname="tests.backend_assumptions.test_ba04_canonicalization" name="test_ba04_non_interoperable_numbers_are_rejected[9007199254740993]" time="0.000" /><testcase classname="tests.backend_assumptions.test_ba04_canonicalization" name="test_ba04_exact_binary64_integer_boundary_is_canonical" time="0.000" /><testcase classname="tests.backend_assumptions.test_ba04_canonicalization" name="test_ba04_duplicate_json_members_are_rejected" time="0.000" /><testcase classname="tests.backend_assumptions.test_ba05_temporal_guards" name="test_ba05_action_window_is_start_inclusive_and_end_exclusive" time="0.000" /><testcase classname="tests.backend_assumptions.test_ba05_temporal_guards" name="test_ba05_expire_event_is_legal_only_at_or_after_deadline" time="0.000" /><testcase classname="tests.backend_assumptions.test_ba05_temporal_guards" name="test_ba05_audit_clock_cannot_move_backwards" time="0.000" /><testcase classname="tests.backend_assumptions.test_ba05_temporal_guards" name="test_ba05_naive_datetimes_fail_closed" time="0.000" /><testcase classname="tests.backend_assumptions.test_ba06_marking_lattice" name="test_ba06_total_order_join_is_commutative_associative_idempotent_and_monotonic" time="0.000" /><testcase classname="tests.backend_assumptions.test_ba06_marking_lattice" name="test_ba06_partial_order_uses_the_unique_least_upper_bound" time="0.000" /><testcase classname="tests.backend_assumptions.test_ba06_marking_lattice" name="test_ba06_marking_set_join_never_downgrades_any_input" time="0.000" /><testcase classname="tests.backend_assumptions.test_ba06_marking_lattice" name="test_ba06_non_lattice_definition_is_rejected" time="0.000" /><testcase classname="tests.backend_assumptions.test_ba06_marking_lattice" name="test_ba06_duplicate_scheme_identifiers_are_rejected" time="0.000" /><testcase classname="tests.backend_assumptions.test_ba07_emission_fence" name="test_ba07_uncommitted_and_tampered_events_never_cross_the_fence" time="0.000" /><testcase classname="tests.backend_assumptions.test_ba07_emission_fence" name="test_ba07_aggregate_events_cross_in_version_order" time="0.000" /><testcase classname="tests.backend_assumptions.test_ba07_emission_fence" name="test_ba07_sink_failure_leaves_event_pending_and_retry_is_deduplicated" time="0.000" /><testcase classname="tests.backend_assumptions.test_ba08_capability_expiration" name="test_ba08_lease_window_is_start_inclusive_and_end_exclusive" time="0.000" /><testcase classname="tests.backend_assumptions.test_ba08_capability_expiration" name="test_ba08_revocation_and_scope_fail_closed" time="0.000" /><testcase classname="tests.backend_assumptions.test_ba08_capability_expiration" name="test_ba08_delegation_cannot_escalate_capability_or_time" time="0.000" /><testcase classname="tests.backend_assumptions.test_ba08_capability_expiration" name="test_ba08_usage_limited_lease_expires_by_consumption" time="0.000" /><testcase classname="tests.integration.test_postgres_outbox_live" name="test_live_pg_atomic_commit_contains_state_outbox_and_reconciliation_intent" time="0.069" /><testcase classname="tests.integration.test_postgres_outbox_live" name="test_live_pg_idempotent_replay_preserves_single_event_and_receipt" time="0.070" /><testcase classname="tests.integration.test_postgres_outbox_live" name="test_live_pg_injected_outbox_failure_rolls_back_aggregate_and_intent" time="0.067" /><testcase classname="tests.integration.test_postgres_outbox_live" name="test_live_pg_for_update_serializes_competing_existing_aggregate_writers" time="0.083" /><testcase classname="tests.integration.test_postgres_outbox_live" name="test_live_pg_reconciler_repairs_deleted_outbox_from_durable_intent" time="0.088" /><testcase classname="tests.runtime.test_c7_emission_hardening" name="test_store_bound_fence_drains_pending_events_and_exposes_receipts" time="0.001" /><testcase classname="tests.runtime.test_c7_emission_hardening" name="test_fence_rejects_bad_configuration_collision_and_premature_delivery" time="0.000" /><testcase classname="tests.runtime.test_c7_emission_hardening" name="test_store_bound_fence_discovers_unregistered_earlier_events" time="0.000" /><testcase classname="tests.runtime.test_c7_emission_hardening" name="test_previously_emitted_durable_event_is_not_redelivered_after_fence_restart" time="0.000" /><testcase classname="tests.runtime.test_c7_emission_hardening" name="test_fence_fails_closed_when_required_security_context_is_missing" time="0.000" /><testcase classname="tests.runtime.test_public_surface_and_c8_hardening" name="test_c1_through_c8_compatibility_modules_are_importable" time="0.003" /><testcase classname="tests.runtime.test_public_surface_and_c8_hardening" name="test_token_budget_reservation_lifecycle_is_accounted_exactly" time="0.000" /><testcase classname="tests.runtime.test_public_surface_and_c8_hardening" name="test_sandbox_interpreter_supports_only_bounded_pure_expression_constructs" time="0.001" /><testcase classname="tests.runtime.test_public_surface_and_c8_hardening" name="test_sandbox_rejects_unsupported_or_unsafe_expression_forms[unknown_name]" time="0.000" /><testcase classname="tests.runtime.test_public_surface_and_c8_hardening" name="test_sandbox_rejects_unsupported_or_unsafe_expression_forms[~1]" time="0.000" /><testcase classname="tests.runtime.test_public_surface_and_c8_hardening" name="test_sandbox_rejects_unsupported_or_unsafe_expression_forms[2 @ 3]" time="0.000" /><testcase classname="tests.runtime.test_public_surface_and_c8_hardening" name="test_sandbox_rejects_unsupported_or_unsafe_expression_forms[2 ** 17]" time="0.000" /><testcase classname="tests.runtime.test_public_surface_and_c8_hardening" name="test_sandbox_rejects_unsupported_or_unsafe_expression_forms[1 is 1]" time="0.000" /><testcase classname="tests.runtime.test_public_surface_and_c8_hardening" name="test_sandbox_rejects_unsupported_or_unsafe_expression_forms[missing()]" time="0.000" /><testcase classname="tests.runtime.test_public_surface_and_c8_hardening" name="test_sandbox_rejects_unsupported_or_unsafe_expression_forms[sum(*[1, 2])]" time="0.000" /><testcase classname="tests.runtime.test_public_surface_and_c8_hardening" name="test_sandbox_rejects_unsupported_or_unsafe_expression_forms[sum(**{'x': 1})]" time="0.000" /><testcase classname="tests.runtime.test_public_surface_and_c8_hardening" name="test_sandbox_rejects_unsupported_or_unsafe_expression_forms[{1: 'non-string-key'}]" time="0.000" /><testcase classname="tests.runtime.test_public_surface_and_c8_hardening" name="test_sandbox_rejects_unsupported_or_unsafe_expression_forms[{'duplicate': 1, 'duplicate': 2}]" time="0.000" /><testcase classname="tests.runtime.test_public_surface_and_c8_hardening" name="test_sandbox_rejects_unsupported_or_unsafe_expression_forms[values[99]]" time="0.000" /><testcase classname="tests.runtime.test_public_surface_and_c8_hardening" name="test_sandbox_rejects_unsafe_registration_bindings_limits_and_tool_results" time="0.001" /><testcase classname="tests.runtime.test_public_surface_and_c8_hardening" name="test_agent_kernel_successfully_accounts_structured_mapping_response" time="0.000" /><testcase classname="tests.runtime.test_public_surface_and_c8_hardening" name="test_agent_kernel_capability_protects_model_and_sandbox_invocations" time="0.000" /><testcase classname="tests.runtime.test_public_surface_and_c8_hardening" name="test_agent_token_preflight_does_not_consume_a_limited_capability" time="0.000" /><testcase classname="tests.runtime.test_public_surface_and_c8_hardening" name="test_agent_response_and_model_contracts_fail_closed" time="0.000" /><testcase classname="tests.schemas.test_schema_integrity" name="test_all_normative_json_schemas_are_draft_2020_12_and_metaschema_valid" time="0.030" /><testcase classname="tests.schemas.test_schema_integrity" name="test_anti_rv_01_required_fields_are_declared_locally_in_properties" time="0.014" /><testcase classname="tests.schemas.test_schema_integrity" name="test_conditional_keywords_are_structurally_explicit" time="0.001" /><testcase classname="tests.schemas.test_schema_integrity" name="test_external_json_schema_references_resolve_and_validate_instances" time="0.001" /><testcase classname="tests.schemas.test_schema_integrity" name="test_normative_conditionals_reject_incomplete_instances" time="0.001" /><testcase classname="tests.schemas.test_schema_integrity" name="test_openapi_31_document_and_references_are_well_formed" time="0.062" /><testcase classname="tests.schemas.test_schema_integrity" name="test_proto3_contract_is_syntactically_compilable_when_protoc_is_available" time="0.006" /><testcase classname="tests.tasks.test_ocor_dev_0001" name="test_backlog_schema_context_and_dag_parse" time="0.010" /><testcase classname="tests.tasks.test_ocor_dev_0001" name="test_dependency_ready_selection_starts_with_task_0001" time="0.002" /><testcase classname="tests.tasks.test_ocor_dev_0001" name="test_hard_dependency_blocks_and_acceptance_unblocks_task_0002" time="0.002" /><testcase classname="tests.tasks.test_ocor_dev_0001" name="test_delivery_gate_blocks_later_gate_until_prior_gate_closes" time="0.002" /><testcase classname="tests.tasks.test_ocor_dev_0001" name="test_cycle_detection_fails_closed" time="0.000" /><testcase classname="tests.tasks.test_ocor_dev_0001" name="test_retry_exhaustion_is_invalid" time="0.002" /><testcase classname="tests.tasks.test_ocor_dev_0001" name="test_state_recovery_releases_interrupted_ownership" time="0.002" /><testcase classname="tests.tasks.test_ocor_dev_0001" name="test_bounded_retry_recovery_stops_at_budget" time="0.002" /><testcase classname="tests.tasks.test_ocor_dev_0001" name="test_file_ownership_collision_is_rejected" time="0.003" /><testcase classname="tests.tasks.test_ocor_dev_0001" name="test_dry_run_does_not_create_state" time="0.017" /><testcase classname="tests.tasks.test_ocor_dev_0001" name="test_red_ci_and_absent_required_context_block_promotion" time="0.000" /><testcase classname="tests.tasks.test_ocor_dev_0001" name="test_nonexecuted_results_cannot_be_promoted[SKIPPED]" time="0.002" /><testcase classname="tests.tasks.test_ocor_dev_0001" name="test_nonexecuted_results_cannot_be_promoted[UNAVAILABLE]" time="0.002" /><testcase classname="tests.tasks.test_ocor_dev_0001" name="test_nonexecuted_results_cannot_be_promoted[NOT_EXECUTED]" time="0.002" /><testcase classname="tests.tasks.test_ocor_dev_0001" name="test_nonexecuted_results_cannot_be_promoted[XFAIL]" time="0.002" /><testcase classname="tests.tasks.test_ocor_dev_0001" name="test_stop_after_task_and_gate_are_deterministic" time="0.000" /><testcase classname="tests.tasks.test_ocor_dev_0001" name="test_immutable_path_guard_rejects_negative_fixture" time="0.004" /><testcase classname="tests.tasks.test_ocor_dev_0001" name="test_scope_validator_accepts_delivery_control_fixture" time="0.004" /><testcase classname="tests.tasks.test_ocor_dev_0001" name="test_change_branch_protocol_is_fail_closed[task/OCOR-DEV-0002-pin-toolchains-True]" time="0.000" /><testcase classname="tests.tasks.test_ocor_dev_0001" name="test_change_branch_protocol_is_fail_closed[governed/compensating-main-protection-True]" time="0.000" /><testcase classname="tests.tasks.test_ocor_dev_0001" name="test_change_branch_protocol_is_fail_closed[main-False]" time="0.000" /><testcase classname="tests.tasks.test_ocor_dev_0001" name="test_change_branch_protocol_is_fail_closed[feature/uncontrolled-False]" time="0.000" /><testcase classname="tests.tasks.test_ocor_dev_0001" name="test_change_branch_protocol_is_fail_closed[task/not-a-stable-id-False]" time="0.000" /><testcase classname="tests.tasks.test_ocor_dev_0001" name="test_execution_preflight_rejects_main_dirty_detached_and_stale" time="0.001" /><testcase classname="tests.tasks.test_ocor_dev_0001" name="test_execution_preflight_accepts_clean_governed_branch_at_exact_main" time="0.000" /><testcase classname="tests.tasks.test_ocor_dev_0001" name="test_task_branch_is_exact_and_never_main" time="0.000" /><testcase classname="tests.tasks.test_ocor_dev_0001" name="test_validation_launchers_are_deterministic" time="0.000" /><testcase classname="tests.tasks.test_ocor_dev_0001" name="test_compensating_mode_is_explicitly_not_server_side_equivalent" time="0.000" /><testcase classname="tests.tasks.test_ocor_dev_0001" name="test_prepare_existing_task_worktree_rejects_divergence" time="0.001" /><testcase classname="tests.tasks.test_ocor_dev_0001" name="test_bounded_prompt_contains_one_task_and_prohibited_claims" time="0.000" /><testcase classname="tests.tasks.test_ocor_dev_0001" name="test_content_addressed_evidence_includes_matching_raw_log" time="0.001" /><testcase classname="tests.tasks.test_ocor_dev_0002" name="test_two_clean_environments_resolve_identical_lock_and_image_digests" time="0.029" /><testcase classname="tests.tasks.test_ocor_dev_0002" name="test_python_and_service_images_are_immutable_and_digest_resolvable" time="0.000" /><testcase classname="tests.tasks.test_ocor_dev_0002" name="test_runtime_versions_and_frozen_sync_are_fail_closed" time="0.000" /><testcase classname="tests.tasks.test_ocor_dev_0002" name="test_mutable_or_malformed_image_references_are_rejected[python:3.11]" time="0.000" /><testcase classname="tests.tasks.test_ocor_dev_0002" name="test_mutable_or_malformed_image_references_are_rejected[python:latest]" time="0.000" /><testcase classname="tests.tasks.test_ocor_dev_0002" name="test_mutable_or_malformed_image_references_are_rejected[python@sha256:not-a-digest]" time="0.000" /><testcase classname="tests.tasks.test_ocor_dev_0002" name="test_fault_injected_lock_drift_changes_clean_environment_fingerprint" time="0.002" /><testcase classname="tests.tasks.test_ocor_dev_0003" name="test_pull_requests_expose_six_separate_mandatory_statuses" time="0.008" /><testcase classname="tests.tasks.test_ocor_dev_0003" name="test_all_mandatory_jobs_fail_closed_and_have_bounded_execution" time="0.008" /><testcase classname="tests.tasks.test_ocor_dev_0003" name="test_real_postgres_integration_service_is_digest_pinned_and_not_skipped" time="0.007" /><testcase classname="tests.tasks.test_ocor_dev_0003" name="test_fgm_status_is_explicitly_contract_readiness_not_runtime_evidence" time="0.007" /><testcase classname="tests.tasks.test_ocor_dev_0003" name="test_aggregator_rejects_one_failed_mandatory_status_and_accepts_all_green" time="0.011" /><testcase classname="tests.tasks.test_ocor_dev_0003" name="test_evidence_status_rejects_non_qualifying_results" time="0.007" /><testcase classname="tests.tasks.test_ocor_dev_0004" name="test_records_content_addressed_evidence_and_requirement_ledger" time="0.002" /><testcase classname="tests.tasks.test_ocor_dev_0004" name="test_multiple_cases_are_preserved_individually_and_sorted" time="0.001" /><testcase classname="tests.tasks.test_ocor_dev_0004" name="test_non_qualifying_case_cannot_be_accepted[SKIPPED]" time="0.001" /><testcase classname="tests.tasks.test_ocor_dev_0004" name="test_non_qualifying_case_cannot_be_accepted[UNAVAILABLE]" time="0.001" /><testcase classname="tests.tasks.test_ocor_dev_0004" name="test_non_qualifying_case_cannot_be_accepted[NOT_EXECUTED]" time="0.001" /><testcase classname="tests.tasks.test_ocor_dev_0004" name="test_non_qualifying_case_cannot_be_accepted[XFAIL]" time="0.001" /><testcase classname="tests.tasks.test_ocor_dev_0004" name="test_missing_command_is_rejected" time="0.001" /><testcase classname="tests.tasks.test_ocor_dev_0004" name="test_missing_raw_output_is_rejected" time="0.001" /><testcase classname="tests.tasks.test_ocor_dev_0004" name="test_tampered_hash_is_rejected" time="0.001" /><testcase classname="tests.tasks.test_ocor_dev_0004" name="test_task_identifier_cannot_escape_manifest_directory" time="0.001" /><testcase classname="tests.tasks.test_ocor_dev_0005" name="test_workflow_is_read_only_and_uploads_machine_readable_results" time="0.005" /><testcase classname="tests.tasks.test_ocor_dev_0005" name="test_clean_fixture_emits_pinned_findings_and_cyclonedx_sbom" time="0.041" /><testcase classname="tests.tasks.test_ocor_dev_0005" name="test_seeded_secret_is_a_blocking_critical_finding" time="0.035" /><testcase classname="tests.tasks.test_ocor_dev_0005" name="test_disallowed_license_is_a_blocking_high_finding" time="0.037" /><testcase classname="tests.tasks.test_ocor_dev_0005" name="test_static_syntax_failure_blocks_and_reports_path" time="0.043" /><testcase classname="tests.tasks.test_ocor_dev_0005" name="test_sbom_is_byte_deterministic" time="0.079" /><testcase classname="tests.tasks.test_ocor_dev_0006" name="test_one_command_contract_names_all_foundation_services" time="0.007" /><testcase classname="tests.tasks.test_ocor_dev_0006" name="test_every_image_and_health_contract_is_digest_bound_and_fail_closed" time="0.007" /><testcase classname="tests.tasks.test_ocor_dev_0006" name="test_network_has_no_public_egress_and_ports_bind_only_loopback" time="0.007" /><testcase classname="tests.tasks.test_ocor_dev_0006" name="test_credentials_are_required_interpolation_not_committed_literals" time="0.000" /><testcase classname="tests.tasks.test_ocor_dev_0006" name="test_compose_model_resolves_with_ephemeral_credentials" time="0.064" /><testcase classname="tests.tasks.test_ocor_dev_0006" name="test_missing_credential_fails_before_service_start" time="0.046" /><testcase classname="tests.tasks.test_ocor_dev_0006" name="test_missing_pinned_image_cannot_fall_back_to_public_pull" time="0.068" /><testcase classname="tests.tasks.test_ocor_dev_0006" name="test_healthcheck_cannot_be_disabled[kafka]" time="0.007" /><testcase classname="tests.tasks.test_ocor_dev_0006" name="test_healthcheck_cannot_be_disabled[keycloak]" time="0.007" /><testcase classname="tests.tasks.test_ocor_dev_0006" name="test_healthcheck_cannot_be_disabled[opa]" time="0.007" /><testcase classname="tests.tasks.test_ocor_dev_0006" name="test_healthcheck_cannot_be_disabled[opensearch]" time="0.006" /><testcase classname="tests.tasks.test_ocor_dev_0006" name="test_healthcheck_cannot_be_disabled[postgres]" time="0.005" /><testcase classname="tests.tasks.test_ocor_dev_0006" name="test_healthcheck_cannot_be_disabled[qdrant]" time="0.005" /><testcase classname="tests.tasks.test_ocor_dev_0007" name="test_rfc_8785_number_and_string_vectors_produce_stable_bytes" time="0.000" /><testcase classname="tests.tasks.test_ocor_dev_0007" name="test_rfc_8785_appendix_b_binary64_vectors[0000000000000000-0]" time="0.000" /><testcase classname="tests.tasks.test_ocor_dev_0007" name="test_rfc_8785_appendix_b_binary64_vectors[8000000000000000-0]" time="0.000" /><testcase classname="tests.tasks.test_ocor_dev_0007" name="test_rfc_8785_appendix_b_binary64_vectors[0000000000000001-5e-324]" time="0.000" /><testcase classname="tests.tasks.test_ocor_dev_0007" name="test_rfc_8785_appendix_b_binary64_vectors[8000000000000001--5e-324]" time="0.000" /><testcase classname="tests.tasks.test_ocor_dev_0007" name="test_rfc_8785_appendix_b_binary64_vectors[7fefffffffffffff-1.7976931348623157e+308]" time="0.000" /><testcase classname="tests.tasks.test_ocor_dev_0007" name="test_rfc_8785_appendix_b_binary64_vectors[ffefffffffffffff--1.7976931348623157e+308]" time="0.000" /><testcase classname="tests.tasks.test_ocor_dev_0007" name="test_rfc_8785_appendix_b_binary64_vectors[4340000000000000-9007199254740992]" time="0.000" /><testcase classname="tests.tasks.test_ocor_dev_0007" name="test_rfc_8785_appendix_b_binary64_vectors[c340000000000000--9007199254740992]" time="0.000" /><testcase classname="tests.tasks.test_ocor_dev_0007" name="test_rfc_8785_appendix_b_binary64_vectors[4430000000000000-295147905179352830000]" time="0.000" /><testcase classname="tests.tasks.test_ocor_dev_0007" name="test_rfc_8785_appendix_b_binary64_vectors[44b52d02c7e14af5-9.999999999999997e+22]" time="0.000" /><testcase classname="tests.tasks.test_ocor_dev_0007" name="test_rfc_8785_appendix_b_binary64_vectors[44b52d02c7e14af6-1e+23]" time="0.000" /><testcase classname="tests.tasks.test_ocor_dev_0007" name="test_rfc_8785_appendix_b_binary64_vectors[44b52d02c7e14af7-1.0000000000000001e+23]" time="0.000" /><testcase classname="tests.tasks.test_ocor_dev_0007" name="test_rfc_8785_appendix_b_binary64_vectors[444b1ae4d6e2ef4c-999999999999999500000]" time="0.000" /><testcase classname="tests.tasks.test_ocor_dev_0007" name="test_rfc_8785_appendix_b_binary64_vectors[444b1ae4d6e2ef4d-999999999999999600000]" time="0.000" /><testcase classname="tests.tasks.test_ocor_dev_0007" name="test_rfc_8785_appendix_b_binary64_vectors[444b1ae4d6e2ef4e-999999999999999700000]" time="0.000" /><testcase classname="tests.tasks.test_ocor_dev_0007" name="test_rfc_8785_appendix_b_binary64_vectors[444b1ae4d6e2ef4f-999999999999999900000]" time="0.000" /><testcase classname="tests.tasks.test_ocor_dev_0007" name="test_rfc_8785_appendix_b_binary64_vectors[444b1ae4d6e2ef50-1e+21]" time="0.000" /><testcase classname="tests.tasks.test_ocor_dev_0007" name="test_rfc_8785_appendix_b_binary64_vectors[3eb0c6f7a0b5ed8c-9.999999999999997e-7]" time="0.000" /><testcase classname="tests.tasks.test_ocor_dev_0007" name="test_rfc_8785_appendix_b_binary64_vectors[3eb0c6f7a0b5ed8d-0.000001]" time="0.000" /><testcase classname="tests.tasks.test_ocor_dev_0007" name="test_rfc_8785_appendix_b_binary64_vectors[3e7ad7f29abcaf48-1e-7]" time="0.000" /><testcase classname="tests.tasks.test_ocor_dev_0007" name="test_exact_two_to_the_53_integer_has_independent_golden_digest" time="0.000" /><testcase classname="tests.tasks.test_ocor_dev_0007" name="test_number_serialization_matches_node_ecmascript_boundary[9007199254740992]" time="0.028" /><testcase classname="tests.tasks.test_ocor_dev_0007" name="test_number_serialization_matches_node_ecmascript_boundary[9007199254740993]" time="0.028" /><testcase classname="tests.tasks.test_ocor_dev_0007" name="test_number_serialization_matches_node_ecmascript_boundary[-9007199254740992]" time="0.026" /><testcase classname="tests.tasks.test_ocor_dev_0007" name="test_number_serialization_matches_node_ecmascript_boundary[295147905179352830000]" time="0.026" /><testcase classname="tests.tasks.test_ocor_dev_0007" name="test_number_serialization_matches_node_ecmascript_boundary[999999999999999900000]" time="0.032" /><testcase classname="tests.tasks.test_ocor_dev_0007" name="test_number_serialization_matches_node_ecmascript_boundary[1e23]" time="0.032" /><testcase classname="tests.tasks.test_ocor_dev_0007" name="test_number_serialization_matches_node_ecmascript_boundary[1e-7]" time="0.027" /><testcase classname="tests.tasks.test_ocor_dev_0007" name="test_number_serialization_matches_node_ecmascript_boundary[0.000001]" time="0.033" /><testcase classname="tests.tasks.test_ocor_dev_0007" name="test_utf16_property_order_matches_rfc_8785" time="0.000" /><testcase classname="tests.tasks.test_ocor_dev_0007" name="test_digest_is_lowercase_urn_and_recalculation_fails_closed" time="0.000" /><testcase classname="tests.tasks.test_ocor_dev_0007" name="test_semantic_set_is_canonically_sorted_and_rejects_duplicates" time="0.000" /><testcase classname="tests.tasks.test_ocor_dev_0007" name="test_utc_wire_boundaries_are_strict_and_normalized" time="0.000" /><testcase classname="tests.tasks.test_ocor_dev_0007" name="test_noncanonical_or_unrepresentable_wire_time_is_rejected[2026-09-02T00:00:00]" time="0.000" /><testcase classname="tests.tasks.test_ocor_dev_0007" name="test_noncanonical_or_unrepresentable_wire_time_is_rejected[2026-09-02T00:00:00+00:00]" time="0.000" /><testcase classname="tests.tasks.test_ocor_dev_0007" name="test_noncanonical_or_unrepresentable_wire_time_is_rejected[2026-09-02t00:00:00z]" time="0.000" /><testcase classname="tests.tasks.test_ocor_dev_0007" name="test_noncanonical_or_unrepresentable_wire_time_is_rejected[2026-09-02T00:00:60Z]" time="0.000" /><testcase classname="tests.tasks.test_ocor_dev_0007" name="test_noncanonical_or_unrepresentable_wire_time_is_rejected[2026-09-02T00:00:00.1234567Z]" time="0.001" /><testcase classname="tests.tasks.test_ocor_dev_0007" name="test_correlation_and_causation_ids_are_canonical_rfc4122_uuids" time="0.000" /><testcase classname="tests.tasks.test_ocor_dev_0007" name="test_malformed_identifiers_are_rejected[]" time="0.000" /><testcase classname="tests.tasks.test_ocor_dev_0007" name="test_malformed_identifiers_are_rejected[550E8400-E29B-41D4-A716-446655440000]" time="0.000" /><testcase classname="tests.tasks.test_ocor_dev_0007" name="test_malformed_identifiers_are_rejected[{550e8400-e29b-41d4-a716-446655440000}]" time="0.000" /><testcase classname="tests.tasks.test_ocor_dev_0007" name="test_malformed_identifiers_are_rejected[00000000-0000-0000-0000-000000000000]" time="0.000" /><testcase classname="tests.tasks.test_ocor_dev_0007" name="test_malformed_identifiers_are_rejected[not-a-uuid]" time="0.000" /><testcase classname="tests.tasks.test_ocor_dev_0007" name="test_duplicate_keys_and_non_i_json_values_are_rejected[{&quot;a&quot;:1,&quot;a&quot;:2}]" time="0.000" /><testcase classname="tests.tasks.test_ocor_dev_0007" name="test_duplicate_keys_and_non_i_json_values_are_rejected[{&quot;value&quot;:NaN}]" time="0.000" /><testcase classname="tests.tasks.test_ocor_dev_0007" name="test_duplicate_keys_and_non_i_json_values_are_rejected[{&quot;value&quot;:1e10000}]" time="0.000" /><testcase classname="tests.tasks.test_ocor_dev_0007" name="test_duplicate_keys_and_non_i_json_values_are_rejected[&quot;\ud800&quot;]" time="0.000" /><testcase classname="tests.tasks.test_ocor_dev_0007" name="test_kernel_errors_expose_stable_bounded_reason_codes" time="0.000" /><testcase classname="tests.tasks.test_ocor_dev_0007" name="test_canonical_and_digest_errors_are_typed_and_bounded" time="0.000" /><testcase classname="tests.tasks.test_ocor_dev_0008" name="test_closed_eleven_field_record_canonicalizes_only_set_fields" time="0.001" /><testcase classname="tests.tasks.test_ocor_dev_0008" name="test_equivalent_compartment_sets_have_identical_bytes_and_digest" time="0.001" /><testcase classname="tests.tasks.test_ocor_dev_0008" name="test_missing_field_fails_closed[tenant_id]" time="0.000" /><testcase classname="tests.tasks.test_ocor_dev_0008" name="test_missing_field_fails_closed[organization_id]" time="0.000" /><testcase classname="tests.tasks.test_ocor_dev_0008" name="test_missing_field_fails_closed[domain_id]" time="0.000" /><testcase classname="tests.tasks.test_ocor_dev_0008" name="test_missing_field_fails_closed[compartments]" time="0.000" /><testcase classname="tests.tasks.test_ocor_dev_0008" name="test_missing_field_fails_closed[classification_marking_ref]" time="0.000" /><testcase classname="tests.tasks.test_ocor_dev_0008" name="test_missing_field_fails_closed[purpose]" time="0.000" /><testcase classname="tests.tasks.test_ocor_dev_0008" name="test_missing_field_fails_closed[effective_principal_id]" time="0.000" /><testcase classname="tests.tasks.test_ocor_dev_0008" name="test_missing_field_fails_closed[actor_chain]" time="0.000" /><testcase classname="tests.tasks.test_ocor_dev_0008" name="test_missing_field_fails_closed[ontology_release_digest]" time="0.000" /><testcase classname="tests.tasks.test_ocor_dev_0008" name="test_missing_field_fails_closed[policy_bundle_digest]" time="0.000" /><testcase classname="tests.tasks.test_ocor_dev_0008" name="test_missing_field_fails_closed[correlation_id]" time="0.000" /><testcase classname="tests.tasks.test_ocor_dev_0008" name="test_extra_or_alias_field_fails_closed[principal_id]" time="0.000" /><testcase classname="tests.tasks.test_ocor_dev_0008" name="test_extra_or_alias_field_fails_closed[causation_id]" time="0.000" /><testcase classname="tests.tasks.test_ocor_dev_0008" name="test_extra_or_alias_field_fails_closed[trace_id]" time="0.000" /><testcase classname="tests.tasks.test_ocor_dev_0008" name="test_non_canonical_or_coerced_values_fail[tenant_id-7]" time="0.000" /><testcase classname="tests.tasks.test_ocor_dev_0008" name="test_non_canonical_or_coerced_values_fail[purpose-]" time="0.000" /><testcase classname="tests.tasks.test_ocor_dev_0008" name="test_non_canonical_or_coerced_values_fail[compartments-urn:ocor:compartment:not-an-array]" time="0.000" /><testcase classname="tests.tasks.test_ocor_dev_0008" name="test_non_canonical_or_coerced_values_fail[actor_chain-bad_value3]" time="0.000" /><testcase classname="tests.tasks.test_ocor_dev_0008" name="test_non_canonical_or_coerced_values_fail[classification_marking_ref-sha256:aaaaaaaaaaaaaaaaaaaaaaaaaaaaaaaaaaaaaaaaaaaaaaaaaaaaaaaaaaaaaaaa]" time="0.000" /><testcase classname="tests.tasks.test_ocor_dev_0008" name="test_non_canonical_or_coerced_values_fail[ontology_release_digest-urn:sha256:AAAAAAAAAAAAAAAAAAAAAAAAAAAAAAAAAAAAAAAAAAAAAAAAAAAAAAAAAAAAAAAA]" time="0.000" /><testcase classname="tests.tasks.test_ocor_dev_0008" name="test_non_canonical_or_coerced_values_fail[policy_bundle_digest-urn:sha256:short]" time="0.000" /><testcase classname="tests.tasks.test_ocor_dev_0008" name="test_non_canonical_or_coerced_values_fail[correlation_id-not-a-uuid]" time="0.000" /><testcase classname="tests.tasks.test_ocor_dev_0008" name="test_duplicate_array_values_fail[compartments]" time="0.000" /><testcase classname="tests.tasks.test_ocor_dev_0008" name="test_duplicate_array_values_fail[actor_chain]" time="0.000" /><testcase classname="tests.tasks.test_ocor_dev_0008" name="test_json_boundary_round_trip_verifies_binding_and_digest" time="0.001" /><testcase classname="tests.tasks.test_ocor_dev_0008" name="test_json_boundary_rejects_duplicate_keys" time="0.001" /><testcase classname="tests.tasks.test_ocor_dev_0008" name="test_openapi_boundary_round_trip_is_identical" time="0.001" /><testcase classname="tests.tasks.test_ocor_dev_0008" name="test_openapi_component_uses_and_accepts_the_approved_closed_schema" time="0.026" /><testcase classname="tests.tasks.test_ocor_dev_0008" name="test_verified_binding_mismatch_fails_before_use[tenant_id]" time="0.001" /><testcase classname="tests.tasks.test_ocor_dev_0008" name="test_verified_binding_mismatch_fails_before_use[compartments]" time="0.001" /><testcase classname="tests.tasks.test_ocor_dev_0008" name="test_verified_binding_mismatch_fails_before_use[effective_principal_id]" time="0.001" /><testcase classname="tests.tasks.test_ocor_dev_0008" name="test_verified_binding_mismatch_fails_before_use[actor_chain]" time="0.001" /><testcase classname="tests.tasks.test_ocor_dev_0008" name="test_verified_binding_mismatch_fails_before_use[ontology_release_digest]" time="0.001" /><testcase classname="tests.tasks.test_ocor_dev_0008" name="test_verified_binding_mismatch_fails_before_use[policy_bundle_digest]" time="0.001" /><testcase classname="tests.tasks.test_ocor_dev_0008" name="test_claimed_digest_mismatch_fails_closed" time="0.001" /><testcase classname="tests.tasks.test_ocor_dev_0008" name="test_real_proto_invocation_context_round_trip_uses_verified_identity_binding" time="0.065" /><testcase classname="tests.tasks.test_ocor_dev_0008" name="test_real_proto_stale_pin_fails_before_dispatch[ontology_release_digest]" time="0.001" /><testcase classname="tests.tasks.test_ocor_dev_0008" name="test_real_proto_stale_pin_fails_before_dispatch[policy_bundle_digest]" time="0.001" /><testcase classname="tests.tasks.test_ocor_dev_0008" name="test_real_proto_tampered_digest_fails_before_dispatch" time="0.001" /><testcase classname="tests.tasks.test_ocor_dev_0008" name="test_context_and_verified_binding_are_immutable" time="0.000" /><testcase classname="tests.tasks.test_ocor_dev_0008" name="test_isolation_key_contains_the_exact_normative_partition" time="0.000" /><testcase classname="tests.tasks.test_ocor_dev_0009" name="test_valid_authority_preserves_scope_purpose_ttl_and_binding" time="0.000" /><testcase classname="tests.tasks.test_ocor_dev_0009" name="test_authority_cannot_be_widened[change0-AUTHORITY_SCOPE_MISMATCH]" time="0.000" /><testcase classname="tests.tasks.test_ocor_dev_0009" name="test_authority_cannot_be_widened[change1-AUTHORITY_SCOPE_MISMATCH]" time="0.000" /><testcase classname="tests.tasks.test_ocor_dev_0009" name="test_authority_cannot_be_widened[change2-AUTHORITY_SCOPE_MISMATCH]" time="0.000" /><testcase classname="tests.tasks.test_ocor_dev_0009" name="test_authority_cannot_be_widened[change3-AUTHORITY_SCOPE_MISMATCH]" time="0.000" /><testcase classname="tests.tasks.test_ocor_dev_0009" name="test_authority_time_window_fails_closed[change0-AUTHORITY_NOT_YET_VALID]" time="0.000" /><testcase classname="tests.tasks.test_ocor_dev_0009" name="test_authority_time_window_fails_closed[change1-AUTHORITY_EXPIRED]" time="0.000" /><testcase classname="tests.tasks.test_ocor_dev_0009" name="test_unsigned_or_revoked_authority_fails_closed[False-False-AUTHORITY_UNSIGNED]" time="0.001" /><testcase classname="tests.tasks.test_ocor_dev_0009" name="test_unsigned_or_revoked_authority_fails_closed[True-True-AUTHORITY_REVOKED]" time="0.001" /><testcase classname="tests.tasks.test_ocor_dev_0009" name="test_policy_purpose_and_compartment_are_part_of_authority_scope" time="0.001" /><testcase classname="tests.tasks.test_ocor_dev_0009" name="test_capability_lease_matches_the_approved_closed_schema" time="0.001" /><testcase classname="tests.tasks.test_ocor_dev_0009" name="test_capability_lease_rejects_missing_fields[lease_id]" time="0.001" /><testcase classname="tests.tasks.test_ocor_dev_0009" name="test_capability_lease_rejects_missing_fields[capability_id]" time="0.001" /><testcase classname="tests.tasks.test_ocor_dev_0009" name="test_capability_lease_rejects_missing_fields[effective_principal_id]" time="0.001" /><testcase classname="tests.tasks.test_ocor_dev_0009" name="test_capability_lease_rejects_missing_fields[delegation_ref]" time="0.000" /><testcase classname="tests.tasks.test_ocor_dev_0009" name="test_capability_lease_rejects_missing_fields[action_instance_id]" time="0.000" /><testcase classname="tests.tasks.test_ocor_dev_0009" name="test_capability_lease_rejects_missing_fields[governed_context_digest]" time="0.001" /><testcase classname="tests.tasks.test_ocor_dev_0009" name="test_capability_lease_rejects_missing_fields[gate_package_digest]" time="0.000" /><testcase classname="tests.tasks.test_ocor_dev_0009" name="test_capability_lease_rejects_missing_fields[stop_epoch]" time="0.000" /><testcase classname="tests.tasks.test_ocor_dev_0009" name="test_capability_lease_rejects_missing_fields[fencing_token]" time="0.000" /><testcase classname="tests.tasks.test_ocor_dev_0009" name="test_capability_lease_rejects_missing_fields[issued_at]" time="0.000" /><testcase classname="tests.tasks.test_ocor_dev_0009" name="test_capability_lease_rejects_missing_fields[expires_at]" time="0.000" /><testcase classname="tests.tasks.test_ocor_dev_0009" name="test_capability_lease_rejects_additional_fields" time="0.001" /><testcase classname="tests.tasks.test_ocor_dev_0009" name="test_capability_lease_ttl_cannot_exceed_five_seconds" time="0.000" /><testcase classname="tests.tasks.test_ocor_dev_0009" name="test_valid_lease_is_consumed_once_atomically" time="0.000" /><testcase classname="tests.tasks.test_ocor_dev_0009" name="test_unsigned_or_revoked_lease_fails_closed[False-False-LEASE_INVALID]" time="0.001" /><testcase classname="tests.tasks.test_ocor_dev_0009" name="test_unsigned_or_revoked_lease_fails_closed[True-True-LEASE_REVOKED]" time="0.001" /><testcase classname="tests.tasks.test_ocor_dev_0009" name="test_expired_lease_fails_closed" time="0.001" /><testcase classname="tests.tasks.test_ocor_dev_0009" name="test_lease_binding_mismatch_has_stable_reason[capability_id]" time="0.001" /><testcase classname="tests.tasks.test_ocor_dev_0009" name="test_lease_binding_mismatch_has_stable_reason[effective_principal_id]" time="0.001" /><testcase classname="tests.tasks.test_ocor_dev_0009" name="test_lease_binding_mismatch_has_stable_reason[delegation_ref]" time="0.001" /><testcase classname="tests.tasks.test_ocor_dev_0009" name="test_lease_binding_mismatch_has_stable_reason[action_instance_id]" time="0.001" /><testcase classname="tests.tasks.test_ocor_dev_0009" name="test_lease_binding_mismatch_has_stable_reason[governed_context_digest]" time="0.001" /><testcase classname="tests.tasks.test_ocor_dev_0009" name="test_lease_binding_mismatch_has_stable_reason[gate_package_digest]" time="0.001" /><testcase classname="tests.tasks.test_ocor_dev_0009" name="test_lease_epoch_and_fencing_fail_with_specific_reasons[change0-STOP_EPOCH_MISMATCH]" time="0.001" /><testcase classname="tests.tasks.test_ocor_dev_0009" name="test_lease_epoch_and_fencing_fail_with_specific_reasons[change1-FENCING_TOKEN_STALE]" time="0.001" /><testcase classname="tests.tasks.test_ocor_dev_0009" name="test_evidence_is_content_addressed_immutable_and_retained" time="0.000" /><testcase classname="tests.tasks.test_ocor_dev_0009" name="test_evidence_requires_chain_of_custody_and_valid_retention" time="0.000" /><testcase classname="tests.tasks.test_ocor_dev_0009" name="test_provenance_preserves_evidence_and_causal_bindings" time="0.000" /><testcase classname="tests.tasks.test_ocor_dev_0009" name="test_incomplete_or_malformed_provenance_fails_closed[change0]" time="0.000" /><testcase classname="tests.tasks.test_ocor_dev_0009" name="test_incomplete_or_malformed_provenance_fails_closed[change1]" time="0.000" /><testcase classname="tests.tasks.test_ocor_dev_0009" name="test_incomplete_or_malformed_provenance_fails_closed[change2]" time="0.000" /><testcase classname="tests.tasks.test_ocor_dev_0009" name="test_incomplete_or_malformed_provenance_fails_closed[change3]" time="0.000" /><testcase classname="tests.tasks.test_ocor_dev_0009" name="test_incomplete_or_malformed_provenance_fails_closed[change4]" time="0.000" /><testcase classname="tests.tasks.test_ocor_dev_0009" name="test_incomplete_or_malformed_provenance_fails_closed[change5]" time="0.001" /><testcase classname="tests.tasks.test_ocor_dev_0009" name="test_typed_error_taxonomy_is_stable_and_retry_safe" time="0.000" /><testcase classname="tests.tasks.test_ocor_dev_0010" name="test_pinned_sources_cover_every_approved_contract" time="0.000" /><testcase classname="tests.tasks.test_ocor_dev_0010" name="test_real_openapi_proto_and_json_schema_generate_reproducibly" time="0.638" /><testcase classname="tests.tasks.test_ocor_dev_0010" name="test_generated_python_and_typescript_expose_same_model_inventory" time="0.301" /><testcase classname="tests.tasks.test_ocor_dev_0010" name="test_check_generated_detects_drift" time="0.583" /><testcase classname="tests.tasks.test_ocor_dev_0010" name="test_source_drift_fails_before_generation" time="0.001" /><testcase classname="tests.tasks.test_ocor_dev_0010" name="test_open_public_request_record_is_rejected" time="0.251" /><testcase classname="tests.tasks.test_ocor_dev_0010" name="test_backend_identifiers_are_rejected[TypeDB]" time="0.001" /><testcase classname="tests.tasks.test_ocor_dev_0010" name="test_backend_identifiers_are_rejected[TerminusDB]" time="0.001" /><testcase classname="tests.tasks.test_ocor_dev_0010" name="test_backend_identifiers_are_rejected[SPARQL]" time="0.001" /><testcase classname="tests.tasks.test_ocor_dev_0010" name="test_backend_identifiers_are_rejected[TypeQL]" time="0.001" /><testcase classname="tests.tasks.test_ocor_dev_0010" name="test_backend_identifiers_are_rejected[WOQL]" time="0.001" /><testcase classname="tests.tasks.test_ocor_dev_0010" name="test_backend_identifiers_are_rejected[backend_table_id]" time="0.001" /><testcase classname="tests.tasks.test_ocor_dev_0010" name="test_unknown_openapi_reference_is_rejected" time="0.115" /><testcase classname="tests.tasks.test_ocor_dev_0010" name="test_invalid_proto_is_rejected" time="0.300" /><testcase classname="tests.tasks.test_ocor_dev_0010" name="test_cli_check_succeeds_only_for_exact_generated_tree" time="1.085" /><testcase classname="tests.tasks.test_ocor_dev_0011" name="test_source_unit_is_typed_content_addressed_and_immutable" time="0.000" /><testcase classname="tests.tasks.test_ocor_dev_0011" name="test_source_digest_changes_with_source_bytes" time="0.000" /><testcase classname="tests.tasks.test_ocor_dev_0011" name="test_unknown_source_syntax_is_rejected_with_stable_code[TURTLE]" time="0.000" /><testcase classname="tests.tasks.test_ocor_dev_0011" name="test_unknown_source_syntax_is_rejected_with_stable_code[SQL]" time="0.000" /><testcase classname="tests.tasks.test_ocor_dev_0011" name="test_unknown_source_syntax_is_rejected_with_stable_code[WOQL]" time="0.000" /><testcase classname="tests.tasks.test_ocor_dev_0011" name="test_empty_source_is_rejected" time="0.000" /><testcase classname="tests.tasks.test_ocor_dev_0011" name="test_compiler_request_is_exact_and_immutable" time="0.000" /><testcase classname="tests.tasks.test_ocor_dev_0011" name="test_duplicate_source_identity_is_rejected" time="0.000" /><testcase classname="tests.tasks.test_ocor_dev_0011" name="test_unlocked_import_is_rejected_before_parse" time="0.000" /><testcase classname="tests.tasks.test_ocor_dev_0011" name="test_invalid_lock_digest_is_rejected" time="0.000" /><testcase classname="tests.tasks.test_ocor_dev_0011" name="test_reference_resolution_reports_sorted_unresolved_ids" time="0.000" /><testcase classname="tests.tasks.test_ocor_dev_0011" name="test_canonical_release_bytes_and_digest_are_stable_under_mapping_order" time="0.000" /><testcase classname="tests.tasks.test_ocor_dev_0011" name="test_release_core_and_artifact_manifest_are_deeply_immutable" time="0.000" /><testcase classname="tests.tasks.test_ocor_dev_0011" name="test_release_rejects_duplicate_artifact_ids" time="0.000" /><testcase classname="tests.tasks.test_ocor_dev_0011" name="test_determinism_guard_accepts_identical_builds" time="0.000" /><testcase classname="tests.tasks.test_ocor_dev_0011" name="test_determinism_guard_rejects_different_generation" time="0.000" /><testcase classname="tests.tasks.test_ocor_dev_0011" name="test_diagnostics_have_deterministic_order_and_safe_shape" time="0.000" /><testcase classname="tests.tasks.test_ocor_dev_0011" name="test_named_ports_are_runtime_checkable_protocols" time="0.000" /><testcase classname="tests.tasks.test_ocor_dev_rem_0007" name="test_real_governed_context_json_boundary_uses_canonical_kernel" time="0.001" /><testcase classname="tests.tasks.test_ocor_dev_rem_0007" name="test_boundary_fault_injection_rejects_corrupted_digest" time="0.000" /><testcase classname="tests.tasks.test_ocor_dev_rem_0007" name="test_hash_provider_failure_is_typed_bounded_and_cannot_produce_a_false_digest" time="0.000" /></testsuite></testsuites>