<?xml version="1.0" encoding="utf-8"?><testsuites name="pytest tests"><testsuite name="pytest" errors="0" failures="0" skipped="0" tests="5" time="0.406" timestamp="2026-09-01T22:36:43.148154+02:00" hostname="nepryoon"><testcase classname="tests.integration.test_postgres_outbox_live" name="test_live_pg_atomic_commit_contains_state_outbox_and_reconciliation_intent" time="0.055" /><testcase classname="tests.integration.test_postgres_outbox_live" name="test_live_pg_idempotent_replay_preserves_single_event_and_receipt" time="0.061" /><testcase classname="tests.integration.test_postgres_outbox_live" name="test_live_pg_injected_outbox_failure_rolls_back_aggregate_and_intent" time="0.073" /><testcase classname="tests.integration.test_postgres_outbox_live" name="test_live_pg_for_update_serializes_competing_existing_aggregate_writers" time="0.063" /><testcase classname="tests.integration.test_postgres_outbox_live" name="test_live_pg_reconciler_repairs_deleted_outbox_from_durable_intent" time="0.066" /></testsuite></testsuites>