<?xml version="1.0" encoding="utf-8"?><testsuites name="pytest tests"><testsuite name="pytest" errors="0" failures="0" skipped="0" tests="38" time="0.157" timestamp="2026-08-30T20:51:42.459189+00:00" hostname="runnervmgx7h7"><testcase classname="tests.backend_assumptions.test_ba01_atomic_outbox" name="test_ba01_precommit_crash_windows_publish_neither_document_nor_event[before-transaction]" time="0.001" /><testcase classname="tests.backend_assumptions.test_ba01_atomic_outbox" name="test_ba01_precommit_crash_windows_publish_neither_document_nor_event[after-transaction-begin]" time="0.001" /><testcase classname="tests.backend_assumptions.test_ba01_atomic_outbox" name="test_ba01_precommit_crash_windows_publish_neither_document_nor_event[after-aggregate-stage]" time="0.001" /><testcase classname="tests.backend_assumptions.test_ba01_atomic_outbox" name="test_ba01_precommit_crash_windows_publish_neither_document_nor_event[after-outbox-stage]" time="0.001" /><testcase classname="tests.backend_assumptions.test_ba01_atomic_outbox" name="test_ba01_postcommit_preack_crash_publishes_both_and_retry_is_idempotent" time="0.001" /><testcase classname="tests.backend_assumptions.test_ba01_atomic_outbox" name="test_ba01_ratified_postgresql_fallback_is_selectable_and_has_reconciler" time="0.001" /><testcase classname="tests.backend_assumptions.test_ba01_atomic_outbox" name="test_ba01_atomic_backend_is_not_replaced" time="0.000" /><testcase classname="tests.backend_assumptions.test_ba01_postgres_fallback" name="test_ba01_postgresql_fallback_initializes_and_commits_aggregate_outbox_and_intent" time="0.001" /><testcase classname="tests.backend_assumptions.test_ba01_postgres_fallback" name="test_ba01_postgresql_fallback_replays_idempotency_receipt" time="0.001" /><testcase classname="tests.backend_assumptions.test_ba01_postgres_fallback" name="test_ba01_postgresql_fallback_rolls_back_stale_version" time="0.001" /><testcase classname="tests.backend_assumptions.test_ba01_postgres_fallback" name="test_ba01_reconciler_repairs_missing_event_from_durable_intent" time="0.001" /><testcase classname="tests.backend_assumptions.test_ba01_postgres_fallback" name="test_ba01_reconciler_rejects_nonpositive_batch_limit" time="0.000" /><testcase classname="tests.backend_assumptions.test_ba02_idempotency" name="test_ba02_identical_retry_replays_the_original_receipt" time="0.001" /><testcase classname="tests.backend_assumptions.test_ba02_idempotency" name="test_ba02_idempotency_key_cannot_be_rebound" time="0.001" /><testcase classname="tests.backend_assumptions.test_ba03_single_writer" name="test_ba03_non_authoritative_writer_is_rejected" time="0.000" /><testcase classname="tests.backend_assumptions.test_ba03_single_writer" name="test_ba03_optimistic_version_allows_only_one_concurrent_update" time="0.001" /><testcase classname="tests.backend_assumptions.test_ba04_canonicalization" name="test_ba04_rfc8785_known_number_and_string_vector" time="0.001" /><testcase classname="tests.backend_assumptions.test_ba04_canonicalization" name="test_ba04_key_order_does_not_change_digest_and_utf16_order_is_used" time="0.000" /><testcase classname="tests.backend_assumptions.test_ba04_canonicalization" name="test_ba04_non_interoperable_numbers_are_rejected[nan]" time="0.000" /><testcase classname="tests.backend_assumptions.test_ba04_canonicalization" name="test_ba04_non_interoperable_numbers_are_rejected[inf]" time="0.001" /><testcase classname="tests.backend_assumptions.test_ba04_canonicalization" name="test_ba04_non_interoperable_numbers_are_rejected[9007199254740992]" time="0.001" /><testcase classname="tests.backend_assumptions.test_ba04_canonicalization" name="test_ba04_duplicate_json_members_are_rejected" time="0.001" /><testcase classname="tests.backend_assumptions.test_ba05_temporal_guards" name="test_ba05_action_window_is_start_inclusive_and_end_exclusive" time="0.001" /><testcase classname="tests.backend_assumptions.test_ba05_temporal_guards" name="test_ba05_expire_event_is_legal_only_at_or_after_deadline" time="0.001" /><testcase classname="tests.backend_assumptions.test_ba05_temporal_guards" name="test_ba05_audit_clock_cannot_move_backwards" time="0.001" /><testcase classname="tests.backend_assumptions.test_ba05_temporal_guards" name="test_ba05_naive_datetimes_fail_closed" time="0.001" /><testcase classname="tests.backend_assumptions.test_ba06_marking_lattice" name="test_ba06_total_order_join_is_commutative_associative_idempotent_and_monotonic" time="0.001" /><testcase classname="tests.backend_assumptions.test_ba06_marking_lattice" name="test_ba06_partial_order_uses_the_unique_least_upper_bound" time="0.001" /><testcase classname="tests.backend_assumptions.test_ba06_marking_lattice" name="test_ba06_marking_set_join_never_downgrades_any_input" time="0.001" /><testcase classname="tests.backend_assumptions.test_ba06_marking_lattice" name="test_ba06_non_lattice_definition_is_rejected" time="0.001" /><testcase classname="tests.backend_assumptions.test_ba06_marking_lattice" name="test_ba06_duplicate_scheme_identifiers_are_rejected" time="0.001" /><testcase classname="tests.backend_assumptions.test_ba07_emission_fence" name="test_ba07_uncommitted_and_tampered_events_never_cross_the_fence" time="0.001" /><testcase classname="tests.backend_assumptions.test_ba07_emission_fence" name="test_ba07_aggregate_events_cross_in_version_order" time="0.001" /><testcase classname="tests.backend_assumptions.test_ba07_emission_fence" name="test_ba07_sink_failure_leaves_event_pending_and_retry_is_deduplicated" time="0.001" /><testcase classname="tests.backend_assumptions.test_ba08_capability_expiration" name="test_ba08_lease_window_is_start_inclusive_and_end_exclusive" time="0.001" /><testcase classname="tests.backend_assumptions.test_ba08_capability_expiration" name="test_ba08_revocation_and_scope_fail_closed" time="0.001" /><testcase classname="tests.backend_assumptions.test_ba08_capability_expiration" name="test_ba08_delegation_cannot_escalate_capability_or_time" time="0.001" /><testcase classname="tests.backend_assumptions.test_ba08_capability_expiration" name="test_ba08_usage_limited_lease_expires_by_consumption" time="0.001" /></testsuite></testsuites>