<?xml version="1.0" encoding="utf-8"?><testsuites name="pytest tests"><testsuite name="pytest" errors="0" failures="0" skipped="0" tests="35" time="0.174" timestamp="2026-08-30T20:51:42.856423+00:00" hostname="runnervmgx7h7"><testcase classname="tests.acceptance_ev.test_ev_001_010_semantics_identity" name="test_ev_001_rfc8785_object_order_is_deterministic" time="0.001" /><testcase classname="tests.acceptance_ev.test_ev_001_010_semantics_identity" name="test_ev_002_rfc8785_ecmascript_number_boundaries_and_escaping" time="0.000" /><testcase classname="tests.acceptance_ev.test_ev_001_010_semantics_identity" name="test_ev_003_non_i_json_values_fail_closed" time="0.001" /><testcase classname="tests.acceptance_ev.test_ev_001_010_semantics_identity" name="test_ev_004_compiler_is_content_addressed_and_output_is_immutable" time="0.001" /><testcase classname="tests.acceptance_ev.test_ev_001_010_semantics_identity" name="test_ev_005_compiler_enforces_normative_schema_and_external_references" time="0.015" /><testcase classname="tests.acceptance_ev.test_ev_001_010_semantics_identity" name="test_ev_006_canonical_identity_is_resolved_exactly" time="0.000" /><testcase classname="tests.acceptance_ev.test_ev_001_010_semantics_identity" name="test_ev_007_unique_normalized_alias_resolves_to_canonical_identity" time="0.000" /><testcase classname="tests.acceptance_ev.test_ev_001_010_semantics_identity" name="test_ev_008_unknown_identity_produces_explicit_abstention" time="0.000" /><testcase classname="tests.acceptance_ev.test_ev_001_010_semantics_identity" name="test_ev_009_ambiguous_identity_produces_abstention_not_a_guess" time="0.001" /><testcase classname="tests.acceptance_ev.test_ev_001_010_semantics_identity" name="test_ev_010_identity_evidence_requires_threshold_and_margin_and_records_are_immutable" time="0.001" /><testcase classname="tests.acceptance_ev.test_ev_011_019_store_marking" name="test_ev_011_single_writer_boundary_rejects_replica_mutation" time="0.001" /><testcase classname="tests.acceptance_ev.test_ev_011_019_store_marking" name="test_ev_012_optimistic_version_precondition_prevents_lost_update" time="0.001" /><testcase classname="tests.acceptance_ev.test_ev_011_019_store_marking" name="test_ev_013_all_five_crash_windows_preserve_atomic_visibility" time="0.001" /><testcase classname="tests.acceptance_ev.test_ev_011_019_store_marking" name="test_ev_014_idempotent_retry_cannot_duplicate_an_outbox_event" time="0.001" /><testcase classname="tests.acceptance_ev.test_ev_011_019_store_marking" name="test_ev_015_outbox_events_are_committed_integrity_bound_and_versioned" time="0.001" /><testcase classname="tests.acceptance_ev.test_ev_011_019_store_marking" name="test_ev_016_marking_total_order_join_is_the_least_upper_bound" time="0.001" /><testcase classname="tests.acceptance_ev.test_ev_011_019_store_marking" name="test_ev_017_marking_partial_lattice_join_combines_compartments" time="0.001" /><testcase classname="tests.acceptance_ev.test_ev_011_019_store_marking" name="test_ev_018_multi_scheme_join_is_monotonic_and_clearance_is_fail_closed" time="0.001" /><testcase classname="tests.acceptance_ev.test_ev_011_019_store_marking" name="test_ev_019_marking_non_interference_preserves_semantic_identity" time="0.001" /><testcase classname="tests.acceptance_ev.test_ev_020_028_actions_capabilities" name="test_ev_020_all_act_t01_through_act_t31b_transitions_are_executable_contracts" time="0.003" /><testcase classname="tests.acceptance_ev.test_ev_020_028_actions_capabilities" name="test_ev_021_happy_path_transition_history_is_complete_and_tamper_evident" time="0.002" /><testcase classname="tests.acceptance_ev.test_ev_020_028_actions_capabilities" name="test_ev_022_undefined_transition_is_rejected_without_mutating_action" time="0.001" /><testcase classname="tests.acceptance_ev.test_ev_020_028_actions_capabilities" name="test_ev_023_temporal_execution_guards_use_inclusive_start_exclusive_end" time="0.001" /><testcase classname="tests.acceptance_ev.test_ev_020_028_actions_capabilities" name="test_ev_024_audit_hash_chain_detects_evidence_tampering" time="0.001" /><testcase classname="tests.acceptance_ev.test_ev_020_028_actions_capabilities" name="test_ev_025_compensation_and_identify_abstention_are_explicit_fsm_outcomes" time="0.004" /><testcase classname="tests.acceptance_ev.test_ev_020_028_actions_capabilities" name="test_ev_026_capability_lease_expiration_is_enforced_at_exact_boundary" time="0.001" /><testcase classname="tests.acceptance_ev.test_ev_020_028_actions_capabilities" name="test_ev_027_capability_subject_operation_and_resource_scopes_do_not_leak" time="0.001" /><testcase classname="tests.acceptance_ev.test_ev_020_028_actions_capabilities" name="test_ev_028_delegation_revocation_and_usage_limits_cannot_be_bypassed" time="0.001" /><testcase classname="tests.acceptance_ev.test_ev_029_035_fence_agent_e2e" name="test_ev_029_emission_fence_blocks_uncommitted_or_integrity_broken_events" time="0.001" /><testcase classname="tests.acceptance_ev.test_ev_029_035_fence_agent_e2e" name="test_ev_030_emission_fence_orders_and_deduplicates_external_effects" time="0.001" /><testcase classname="tests.acceptance_ev.test_ev_029_035_fence_agent_e2e" name="test_ev_031_emission_requires_both_capability_and_marking_clearance" time="0.001" /><testcase classname="tests.acceptance_ev.test_ev_029_035_fence_agent_e2e" name="test_ev_032_strict_sandbox_allows_pure_tools_and_blocks_escape_syntax" time="0.001" /><testcase classname="tests.acceptance_ev.test_ev_029_035_fence_agent_e2e" name="test_ev_033_token_budget_preflights_and_enforces_actual_model_output" time="0.001" /><testcase classname="tests.acceptance_ev.test_ev_029_035_fence_agent_e2e" name="test_ev_034_agent_kernel_identifies_only_uniquely_and_otherwise_abstains" time="0.001" /><testcase classname="tests.acceptance_ev.test_ev_029_035_fence_agent_e2e" name="test_ev_035_end_to_end_c1_through_c8_semantic_action_emission" time="0.015" /></testsuite></testsuites>