<?xml version="1.0" encoding="utf-8"?><testsuites name="pytest tests"><testsuite name="pytest" errors="0" failures="0" skipped="0" tests="5" time="0.533" timestamp="2026-08-30T20:51:43.237608+00:00" hostname="runnervmgx7h7"><testcase classname="tests.integration.test_postgres_outbox_live" name="test_live_pg_atomic_commit_contains_state_outbox_and_reconciliation_intent" time="0.062" /><testcase classname="tests.integration.test_postgres_outbox_live" name="test_live_pg_idempotent_replay_preserves_single_event_and_receipt" time="0.067" /><testcase classname="tests.integration.test_postgres_outbox_live" name="test_live_pg_injected_outbox_failure_rolls_back_aggregate_and_intent" time="0.060" /><testcase classname="tests.integration.test_postgres_outbox_live" name="test_live_pg_for_update_serializes_competing_existing_aggregate_writers" time="0.078" /><testcase classname="tests.integration.test_postgres_outbox_live" name="test_live_pg_reconciler_repairs_deleted_outbox_from_durable_intent" time="0.086" /></testsuite></testsuites>