<?xml version="1.0" encoding="utf-8"?><testsuites name="pytest tests"><testsuite name="pytest" errors="0" failures="0" skipped="0" tests="109" time="2.747" timestamp="2026-08-30T20:51:39.437867+00:00" hostname="runnervmgx7h7"><testcase classname="tests.acceptance_ev.test_ev_001_010_semantics_identity" name="test_ev_001_rfc8785_object_order_is_deterministic" time="0.010" /><testcase classname="tests.acceptance_ev.test_ev_001_010_semantics_identity" name="test_ev_002_rfc8785_ecmascript_number_boundaries_and_escaping" time="0.001" /><testcase classname="tests.acceptance_ev.test_ev_001_010_semantics_identity" name="test_ev_003_non_i_json_values_fail_closed" time="0.001" /><testcase classname="tests.acceptance_ev.test_ev_001_010_semantics_identity" name="test_ev_004_compiler_is_content_addressed_and_output_is_immutable" time="0.002" /><testcase classname="tests.acceptance_ev.test_ev_001_010_semantics_identity" name="test_ev_005_compiler_enforces_normative_schema_and_external_references" time="0.031" /><testcase classname="tests.acceptance_ev.test_ev_001_010_semantics_identity" name="test_ev_006_canonical_identity_is_resolved_exactly" time="0.001" /><testcase classname="tests.acceptance_ev.test_ev_001_010_semantics_identity" name="test_ev_007_unique_normalized_alias_resolves_to_canonical_identity" time="0.001" /><testcase classname="tests.acceptance_ev.test_ev_001_010_semantics_identity" name="test_ev_008_unknown_identity_produces_explicit_abstention" time="0.001" /><testcase classname="tests.acceptance_ev.test_ev_001_010_semantics_identity" name="test_ev_009_ambiguous_identity_produces_abstention_not_a_guess" time="0.001" /><testcase classname="tests.acceptance_ev.test_ev_001_010_semantics_identity" name="test_ev_010_identity_evidence_requires_threshold_and_margin_and_records_are_immutable" time="0.001" /><testcase classname="tests.acceptance_ev.test_ev_011_019_store_marking" name="test_ev_011_single_writer_boundary_rejects_replica_mutation" time="0.001" /><testcase classname="tests.acceptance_ev.test_ev_011_019_store_marking" name="test_ev_012_optimistic_version_precondition_prevents_lost_update" time="0.002" /><testcase classname="tests.acceptance_ev.test_ev_011_019_store_marking" name="test_ev_013_all_five_crash_windows_preserve_atomic_visibility" time="0.002" /><testcase classname="tests.acceptance_ev.test_ev_011_019_store_marking" name="test_ev_014_idempotent_retry_cannot_duplicate_an_outbox_event" time="0.001" /><testcase classname="tests.acceptance_ev.test_ev_011_019_store_marking" name="test_ev_015_outbox_events_are_committed_integrity_bound_and_versioned" time="0.002" /><testcase classname="tests.acceptance_ev.test_ev_011_019_store_marking" name="test_ev_016_marking_total_order_join_is_the_least_upper_bound" time="0.001" /><testcase classname="tests.acceptance_ev.test_ev_011_019_store_marking" name="test_ev_017_marking_partial_lattice_join_combines_compartments" time="0.001" /><testcase classname="tests.acceptance_ev.test_ev_011_019_store_marking" name="test_ev_018_multi_scheme_join_is_monotonic_and_clearance_is_fail_closed" time="0.001" /><testcase classname="tests.acceptance_ev.test_ev_011_019_store_marking" name="test_ev_019_marking_non_interference_preserves_semantic_identity" time="0.001" /><testcase classname="tests.acceptance_ev.test_ev_020_028_actions_capabilities" name="test_ev_020_all_act_t01_through_act_t31b_transitions_are_executable_contracts" time="0.009" /><testcase classname="tests.acceptance_ev.test_ev_020_028_actions_capabilities" name="test_ev_021_happy_path_transition_history_is_complete_and_tamper_evident" time="0.007" /><testcase classname="tests.acceptance_ev.test_ev_020_028_actions_capabilities" name="test_ev_022_undefined_transition_is_rejected_without_mutating_action" time="0.001" /><testcase classname="tests.acceptance_ev.test_ev_020_028_actions_capabilities" name="test_ev_023_temporal_execution_guards_use_inclusive_start_exclusive_end" time="0.001" /><testcase classname="tests.acceptance_ev.test_ev_020_028_actions_capabilities" name="test_ev_024_audit_hash_chain_detects_evidence_tampering" time="0.002" /><testcase classname="tests.acceptance_ev.test_ev_020_028_actions_capabilities" name="test_ev_025_compensation_and_identify_abstention_are_explicit_fsm_outcomes" time="0.012" /><testcase classname="tests.acceptance_ev.test_ev_020_028_actions_capabilities" name="test_ev_026_capability_lease_expiration_is_enforced_at_exact_boundary" time="0.001" /><testcase classname="tests.acceptance_ev.test_ev_020_028_actions_capabilities" name="test_ev_027_capability_subject_operation_and_resource_scopes_do_not_leak" time="0.001" /><testcase classname="tests.acceptance_ev.test_ev_020_028_actions_capabilities" name="test_ev_028_delegation_revocation_and_usage_limits_cannot_be_bypassed" time="0.001" /><testcase classname="tests.acceptance_ev.test_ev_029_035_fence_agent_e2e" name="test_ev_029_emission_fence_blocks_uncommitted_or_integrity_broken_events" time="0.002" /><testcase classname="tests.acceptance_ev.test_ev_029_035_fence_agent_e2e" name="test_ev_030_emission_fence_orders_and_deduplicates_external_effects" time="0.002" /><testcase classname="tests.acceptance_ev.test_ev_029_035_fence_agent_e2e" name="test_ev_031_emission_requires_both_capability_and_marking_clearance" time="0.002" /><testcase classname="tests.acceptance_ev.test_ev_029_035_fence_agent_e2e" name="test_ev_032_strict_sandbox_allows_pure_tools_and_blocks_escape_syntax" time="0.001" /><testcase classname="tests.acceptance_ev.test_ev_029_035_fence_agent_e2e" name="test_ev_033_token_budget_preflights_and_enforces_actual_model_output" time="0.001" /><testcase classname="tests.acceptance_ev.test_ev_029_035_fence_agent_e2e" name="test_ev_034_agent_kernel_identifies_only_uniquely_and_otherwise_abstains" time="0.001" /><testcase classname="tests.acceptance_ev.test_ev_029_035_fence_agent_e2e" name="test_ev_035_end_to_end_c1_through_c8_semantic_action_emission" time="0.030" /><testcase classname="tests.backend_assumptions.test_ba01_atomic_outbox" name="test_ba01_precommit_crash_windows_publish_neither_document_nor_event[before-transaction]" time="0.001" /><testcase classname="tests.backend_assumptions.test_ba01_atomic_outbox" name="test_ba01_precommit_crash_windows_publish_neither_document_nor_event[after-transaction-begin]" time="0.001" /><testcase classname="tests.backend_assumptions.test_ba01_atomic_outbox" name="test_ba01_precommit_crash_windows_publish_neither_document_nor_event[after-aggregate-stage]" time="0.001" /><testcase classname="tests.backend_assumptions.test_ba01_atomic_outbox" name="test_ba01_precommit_crash_windows_publish_neither_document_nor_event[after-outbox-stage]" time="0.001" /><testcase classname="tests.backend_assumptions.test_ba01_atomic_outbox" name="test_ba01_postcommit_preack_crash_publishes_both_and_retry_is_idempotent" time="0.001" /><testcase classname="tests.backend_assumptions.test_ba01_atomic_outbox" name="test_ba01_ratified_postgresql_fallback_is_selectable_and_has_reconciler" time="0.001" /><testcase classname="tests.backend_assumptions.test_ba01_atomic_outbox" name="test_ba01_atomic_backend_is_not_replaced" time="0.001" /><testcase classname="tests.backend_assumptions.test_ba01_postgres_fallback" name="test_ba01_postgresql_fallback_initializes_and_commits_aggregate_outbox_and_intent" time="0.001" /><testcase classname="tests.backend_assumptions.test_ba01_postgres_fallback" name="test_ba01_postgresql_fallback_replays_idempotency_receipt" time="0.001" /><testcase classname="tests.backend_assumptions.test_ba01_postgres_fallback" name="test_ba01_postgresql_fallback_rolls_back_stale_version" time="0.001" /><testcase classname="tests.backend_assumptions.test_ba01_postgres_fallback" name="test_ba01_reconciler_repairs_missing_event_from_durable_intent" time="0.001" /><testcase classname="tests.backend_assumptions.test_ba01_postgres_fallback" name="test_ba01_reconciler_rejects_nonpositive_batch_limit" time="0.001" /><testcase classname="tests.backend_assumptions.test_ba02_idempotency" name="test_ba02_identical_retry_replays_the_original_receipt" time="0.001" /><testcase classname="tests.backend_assumptions.test_ba02_idempotency" name="test_ba02_idempotency_key_cannot_be_rebound" time="0.001" /><testcase classname="tests.backend_assumptions.test_ba03_single_writer" name="test_ba03_non_authoritative_writer_is_rejected" time="0.001" /><testcase classname="tests.backend_assumptions.test_ba03_single_writer" name="test_ba03_optimistic_version_allows_only_one_concurrent_update" time="0.003" /><testcase classname="tests.backend_assumptions.test_ba04_canonicalization" name="test_ba04_rfc8785_known_number_and_string_vector" time="0.001" /><testcase classname="tests.backend_assumptions.test_ba04_canonicalization" name="test_ba04_key_order_does_not_change_digest_and_utf16_order_is_used" time="0.001" /><testcase classname="tests.backend_assumptions.test_ba04_canonicalization" name="test_ba04_non_interoperable_numbers_are_rejected[nan]" time="0.001" /><testcase classname="tests.backend_assumptions.test_ba04_canonicalization" name="test_ba04_non_interoperable_numbers_are_rejected[inf]" time="0.001" /><testcase classname="tests.backend_assumptions.test_ba04_canonicalization" name="test_ba04_non_interoperable_numbers_are_rejected[9007199254740992]" time="0.001" /><testcase classname="tests.backend_assumptions.test_ba04_canonicalization" name="test_ba04_duplicate_json_members_are_rejected" time="0.001" /><testcase classname="tests.backend_assumptions.test_ba05_temporal_guards" name="test_ba05_action_window_is_start_inclusive_and_end_exclusive" time="0.001" /><testcase classname="tests.backend_assumptions.test_ba05_temporal_guards" name="test_ba05_expire_event_is_legal_only_at_or_after_deadline" time="0.001" /><testcase classname="tests.backend_assumptions.test_ba05_temporal_guards" name="test_ba05_audit_clock_cannot_move_backwards" time="0.002" /><testcase classname="tests.backend_assumptions.test_ba05_temporal_guards" name="test_ba05_naive_datetimes_fail_closed" time="0.001" /><testcase classname="tests.backend_assumptions.test_ba06_marking_lattice" name="test_ba06_total_order_join_is_commutative_associative_idempotent_and_monotonic" time="0.001" /><testcase classname="tests.backend_assumptions.test_ba06_marking_lattice" name="test_ba06_partial_order_uses_the_unique_least_upper_bound" time="0.001" /><testcase classname="tests.backend_assumptions.test_ba06_marking_lattice" name="test_ba06_marking_set_join_never_downgrades_any_input" time="0.001" /><testcase classname="tests.backend_assumptions.test_ba06_marking_lattice" name="test_ba06_non_lattice_definition_is_rejected" time="0.001" /><testcase classname="tests.backend_assumptions.test_ba06_marking_lattice" name="test_ba06_duplicate_scheme_identifiers_are_rejected" time="0.001" /><testcase classname="tests.backend_assumptions.test_ba07_emission_fence" name="test_ba07_uncommitted_and_tampered_events_never_cross_the_fence" time="0.002" /><testcase classname="tests.backend_assumptions.test_ba07_emission_fence" name="test_ba07_aggregate_events_cross_in_version_order" time="0.002" /><testcase classname="tests.backend_assumptions.test_ba07_emission_fence" name="test_ba07_sink_failure_leaves_event_pending_and_retry_is_deduplicated" time="0.002" /><testcase classname="tests.backend_assumptions.test_ba08_capability_expiration" name="test_ba08_lease_window_is_start_inclusive_and_end_exclusive" time="0.001" /><testcase classname="tests.backend_assumptions.test_ba08_capability_expiration" name="test_ba08_revocation_and_scope_fail_closed" time="0.001" /><testcase classname="tests.backend_assumptions.test_ba08_capability_expiration" name="test_ba08_delegation_cannot_escalate_capability_or_time" time="0.001" /><testcase classname="tests.backend_assumptions.test_ba08_capability_expiration" name="test_ba08_usage_limited_lease_expires_by_consumption" time="0.001" /><testcase classname="tests.integration.test_postgres_outbox_live" name="test_live_pg_atomic_commit_contains_state_outbox_and_reconciliation_intent" time="0.079" /><testcase classname="tests.integration.test_postgres_outbox_live" name="test_live_pg_idempotent_replay_preserves_single_event_and_receipt" time="0.069" /><testcase classname="tests.integration.test_postgres_outbox_live" name="test_live_pg_injected_outbox_failure_rolls_back_aggregate_and_intent" time="0.059" /><testcase classname="tests.integration.test_postgres_outbox_live" name="test_live_pg_for_update_serializes_competing_existing_aggregate_writers" time="0.080" /><testcase classname="tests.integration.test_postgres_outbox_live" name="test_live_pg_reconciler_repairs_deleted_outbox_from_durable_intent" time="0.085" /><testcase classname="tests.runtime.test_c7_emission_hardening" name="test_store_bound_fence_drains_pending_events_and_exposes_receipts" time="0.002" /><testcase classname="tests.runtime.test_c7_emission_hardening" name="test_fence_rejects_bad_configuration_collision_and_premature_delivery" time="0.002" /><testcase classname="tests.runtime.test_c7_emission_hardening" name="test_store_bound_fence_discovers_unregistered_earlier_events" time="0.002" /><testcase classname="tests.runtime.test_c7_emission_hardening" name="test_previously_emitted_durable_event_is_not_redelivered_after_fence_restart" time="0.001" /><testcase classname="tests.runtime.test_c7_emission_hardening" name="test_fence_fails_closed_when_required_security_context_is_missing" time="0.001" /><testcase classname="tests.runtime.test_public_surface_and_c8_hardening" name="test_c1_through_c8_compatibility_modules_are_importable" time="0.006" /><testcase classname="tests.runtime.test_public_surface_and_c8_hardening" name="test_token_budget_reservation_lifecycle_is_accounted_exactly" time="0.001" /><testcase classname="tests.runtime.test_public_surface_and_c8_hardening" name="test_sandbox_interpreter_supports_only_bounded_pure_expression_constructs" time="0.003" /><testcase classname="tests.runtime.test_public_surface_and_c8_hardening" name="test_sandbox_rejects_unsupported_or_unsafe_expression_forms[unknown_name]" time="0.001" /><testcase classname="tests.runtime.test_public_surface_and_c8_hardening" name="test_sandbox_rejects_unsupported_or_unsafe_expression_forms[~1]" time="0.001" /><testcase classname="tests.runtime.test_public_surface_and_c8_hardening" name="test_sandbox_rejects_unsupported_or_unsafe_expression_forms[2 @ 3]" time="0.001" /><testcase classname="tests.runtime.test_public_surface_and_c8_hardening" name="test_sandbox_rejects_unsupported_or_unsafe_expression_forms[2 ** 17]" time="0.001" /><testcase classname="tests.runtime.test_public_surface_and_c8_hardening" name="test_sandbox_rejects_unsupported_or_unsafe_expression_forms[1 is 1]" time="0.001" /><testcase classname="tests.runtime.test_public_surface_and_c8_hardening" name="test_sandbox_rejects_unsupported_or_unsafe_expression_forms[missing()]" time="0.001" /><testcase classname="tests.runtime.test_public_surface_and_c8_hardening" name="test_sandbox_rejects_unsupported_or_unsafe_expression_forms[sum(*[1, 2])]" time="0.001" /><testcase classname="tests.runtime.test_public_surface_and_c8_hardening" name="test_sandbox_rejects_unsupported_or_unsafe_expression_forms[sum(**{'x': 1})]" time="0.001" /><testcase classname="tests.runtime.test_public_surface_and_c8_hardening" name="test_sandbox_rejects_unsupported_or_unsafe_expression_forms[{1: 'non-string-key'}]" time="0.001" /><testcase classname="tests.runtime.test_public_surface_and_c8_hardening" name="test_sandbox_rejects_unsupported_or_unsafe_expression_forms[{'duplicate': 1, 'duplicate': 2}]" time="0.001" /><testcase classname="tests.runtime.test_public_surface_and_c8_hardening" name="test_sandbox_rejects_unsupported_or_unsafe_expression_forms[values[99]]" time="0.001" /><testcase classname="tests.runtime.test_public_surface_and_c8_hardening" name="test_sandbox_rejects_unsafe_registration_bindings_limits_and_tool_results" time="0.001" /><testcase classname="tests.runtime.test_public_surface_and_c8_hardening" name="test_agent_kernel_successfully_accounts_structured_mapping_response" time="0.001" /><testcase classname="tests.runtime.test_public_surface_and_c8_hardening" name="test_agent_kernel_capability_protects_model_and_sandbox_invocations" time="0.001" /><testcase classname="tests.runtime.test_public_surface_and_c8_hardening" name="test_agent_token_preflight_does_not_consume_a_limited_capability" time="0.001" /><testcase classname="tests.runtime.test_public_surface_and_c8_hardening" name="test_agent_response_and_model_contracts_fail_closed" time="0.001" /><testcase classname="tests.schemas.test_schema_integrity" name="test_all_normative_json_schemas_are_draft_2020_12_and_metaschema_valid" time="0.114" /><testcase classname="tests.schemas.test_schema_integrity" name="test_anti_rv_01_required_fields_are_declared_locally_in_properties" time="0.063" /><testcase classname="tests.schemas.test_schema_integrity" name="test_conditional_keywords_are_structurally_explicit" time="0.002" /><testcase classname="tests.schemas.test_schema_integrity" name="test_external_json_schema_references_resolve_and_validate_instances" time="0.002" /><testcase classname="tests.schemas.test_schema_integrity" name="test_normative_conditionals_reject_incomplete_instances" time="0.002" /><testcase classname="tests.schemas.test_schema_integrity" name="test_openapi_31_document_and_references_are_well_formed" time="0.512" /><testcase classname="tests.schemas.test_schema_integrity" name="test_proto3_contract_is_syntactically_compilable_when_protoc_is_available" time="0.025" /></testsuite></testsuites>