<?xml version="1.0" encoding="utf-8"?><testsuites name="pytest tests"><testsuite name="pytest" errors="0" failures="0" skipped="0" tests="119" time="0.443" timestamp="2026-09-02T06:18:54.139806+02:00" hostname="nepryoon"><testcase classname="tests.tasks.test_ocor_dev_0008" name="test_closed_eleven_field_record_canonicalizes_only_set_fields" time="0.001" /><testcase classname="tests.tasks.test_ocor_dev_0008" name="test_equivalent_compartment_sets_have_identical_bytes_and_digest" time="0.001" /><testcase classname="tests.tasks.test_ocor_dev_0008" name="test_missing_field_fails_closed[tenant_id]" time="0.000" /><testcase classname="tests.tasks.test_ocor_dev_0008" name="test_missing_field_fails_closed[organization_id]" time="0.000" /><testcase classname="tests.tasks.test_ocor_dev_0008" name="test_missing_field_fails_closed[domain_id]" time="0.000" /><testcase classname="tests.tasks.test_ocor_dev_0008" name="test_missing_field_fails_closed[compartments]" time="0.000" /><testcase classname="tests.tasks.test_ocor_dev_0008" name="test_missing_field_fails_closed[classification_marking_ref]" time="0.000" /><testcase classname="tests.tasks.test_ocor_dev_0008" name="test_missing_field_fails_closed[purpose]" time="0.000" /><testcase classname="tests.tasks.test_ocor_dev_0008" name="test_missing_field_fails_closed[effective_principal_id]" time="0.000" /><testcase classname="tests.tasks.test_ocor_dev_0008" name="test_missing_field_fails_closed[actor_chain]" time="0.000" /><testcase classname="tests.tasks.test_ocor_dev_0008" name="test_missing_field_fails_closed[ontology_release_digest]" time="0.000" /><testcase classname="tests.tasks.test_ocor_dev_0008" name="test_missing_field_fails_closed[policy_bundle_digest]" time="0.000" /><testcase classname="tests.tasks.test_ocor_dev_0008" name="test_missing_field_fails_closed[correlation_id]" time="0.000" /><testcase classname="tests.tasks.test_ocor_dev_0008" name="test_extra_or_alias_field_fails_closed[principal_id]" time="0.000" /><testcase classname="tests.tasks.test_ocor_dev_0008" name="test_extra_or_alias_field_fails_closed[causation_id]" time="0.000" /><testcase classname="tests.tasks.test_ocor_dev_0008" name="test_extra_or_alias_field_fails_closed[trace_id]" time="0.000" /><testcase classname="tests.tasks.test_ocor_dev_0008" name="test_non_canonical_or_coerced_values_fail[tenant_id-7]" time="0.000" /><testcase classname="tests.tasks.test_ocor_dev_0008" name="test_non_canonical_or_coerced_values_fail[purpose-]" time="0.000" /><testcase classname="tests.tasks.test_ocor_dev_0008" name="test_non_canonical_or_coerced_values_fail[compartments-urn:ocor:compartment:not-an-array]" time="0.000" /><testcase classname="tests.tasks.test_ocor_dev_0008" name="test_non_canonical_or_coerced_values_fail[actor_chain-bad_value3]" time="0.000" /><testcase classname="tests.tasks.test_ocor_dev_0008" name="test_non_canonical_or_coerced_values_fail[classification_marking_ref-sha256:aaaaaaaaaaaaaaaaaaaaaaaaaaaaaaaaaaaaaaaaaaaaaaaaaaaaaaaaaaaaaaaa]" time="0.000" /><testcase classname="tests.tasks.test_ocor_dev_0008" name="test_non_canonical_or_coerced_values_fail[ontology_release_digest-urn:sha256:AAAAAAAAAAAAAAAAAAAAAAAAAAAAAAAAAAAAAAAAAAAAAAAAAAAAAAAAAAAAAAAA]" time="0.000" /><testcase classname="tests.tasks.test_ocor_dev_0008" name="test_non_canonical_or_coerced_values_fail[policy_bundle_digest-urn:sha256:short]" time="0.000" /><testcase classname="tests.tasks.test_ocor_dev_0008" name="test_mapping_accepts_schema_valid_non_uuid_correlation_without_weakening_uuid_api" time="0.001" /><testcase classname="tests.tasks.test_ocor_dev_0008" name="test_mapping_rejects_tuple_where_approved_schema_rejects_non_array[compartments]" time="0.000" /><testcase classname="tests.tasks.test_ocor_dev_0008" name="test_mapping_rejects_tuple_where_approved_schema_rejects_non_array[actor_chain]" time="0.000" /><testcase classname="tests.tasks.test_ocor_dev_0008" name="test_duplicate_array_values_fail[compartments]" time="0.000" /><testcase classname="tests.tasks.test_ocor_dev_0008" name="test_duplicate_array_values_fail[actor_chain]" time="0.000" /><testcase classname="tests.tasks.test_ocor_dev_0008" name="test_json_boundary_round_trip_verifies_binding_and_digest" time="0.001" /><testcase classname="tests.tasks.test_ocor_dev_0008" name="test_json_boundary_rejects_duplicate_keys" time="0.000" /><testcase classname="tests.tasks.test_ocor_dev_0008" name="test_openapi_boundary_round_trip_is_identical" time="0.001" /><testcase classname="tests.tasks.test_ocor_dev_0008" name="test_openapi_component_uses_and_accepts_the_approved_closed_schema" time="0.023" /><testcase classname="tests.tasks.test_ocor_dev_0008" name="test_verified_binding_mismatch_fails_before_use[tenant_id]" time="0.001" /><testcase classname="tests.tasks.test_ocor_dev_0008" name="test_verified_binding_mismatch_fails_before_use[compartments]" time="0.001" /><testcase classname="tests.tasks.test_ocor_dev_0008" name="test_verified_binding_mismatch_fails_before_use[effective_principal_id]" time="0.001" /><testcase classname="tests.tasks.test_ocor_dev_0008" name="test_verified_binding_mismatch_fails_before_use[actor_chain]" time="0.001" /><testcase classname="tests.tasks.test_ocor_dev_0008" name="test_verified_binding_mismatch_fails_before_use[ontology_release_digest]" time="0.001" /><testcase classname="tests.tasks.test_ocor_dev_0008" name="test_verified_binding_mismatch_fails_before_use[policy_bundle_digest]" time="0.001" /><testcase classname="tests.tasks.test_ocor_dev_0008" name="test_claimed_digest_mismatch_fails_closed" time="0.001" /><testcase classname="tests.tasks.test_ocor_dev_0008" name="test_real_proto_invocation_context_round_trip_uses_verified_identity_binding" time="0.130" /><testcase classname="tests.tasks.test_ocor_dev_0008" name="test_real_proto_stale_pin_fails_before_dispatch[ontology_release_digest]" time="0.001" /><testcase classname="tests.tasks.test_ocor_dev_0008" name="test_real_proto_stale_pin_fails_before_dispatch[policy_bundle_digest]" time="0.000" /><testcase classname="tests.tasks.test_ocor_dev_0008" name="test_real_proto_tampered_digest_fails_before_dispatch" time="0.000" /><testcase classname="tests.tasks.test_ocor_dev_0008" name="test_proto_rejects_unverified_binding_before_dereference[None]" time="0.000" /><testcase classname="tests.tasks.test_ocor_dev_0008" name="test_proto_rejects_unverified_binding_before_dereference[unverified_binding1]" time="0.000" /><testcase classname="tests.tasks.test_ocor_dev_0008" name="test_context_and_verified_binding_are_immutable" time="0.000" /><testcase classname="tests.tasks.test_ocor_dev_0008" name="test_isolation_key_contains_the_exact_normative_partition" time="0.000" /><testcase classname="tests.tasks.test_ocor_dev_0011" name="test_source_unit_is_typed_content_addressed_and_immutable" time="0.000" /><testcase classname="tests.tasks.test_ocor_dev_0011" name="test_source_digest_changes_with_source_bytes" time="0.000" /><testcase classname="tests.tasks.test_ocor_dev_0011" name="test_unknown_source_syntax_is_rejected_with_stable_code[TURTLE]" time="0.001" /><testcase classname="tests.tasks.test_ocor_dev_0011" name="test_unknown_source_syntax_is_rejected_with_stable_code[SQL]" time="0.000" /><testcase classname="tests.tasks.test_ocor_dev_0011" name="test_unknown_source_syntax_is_rejected_with_stable_code[WOQL]" time="0.000" /><testcase classname="tests.tasks.test_ocor_dev_0011" name="test_empty_source_is_rejected" time="0.000" /><testcase classname="tests.tasks.test_ocor_dev_0011" name="test_compiler_request_is_exact_and_immutable" time="0.000" /><testcase classname="tests.tasks.test_ocor_dev_0011" name="test_duplicate_source_identity_is_rejected" time="0.000" /><testcase classname="tests.tasks.test_ocor_dev_0011" name="test_unlocked_import_is_rejected_before_parse" time="0.000" /><testcase classname="tests.tasks.test_ocor_dev_0011" name="test_invalid_lock_digest_is_rejected" time="0.000" /><testcase classname="tests.tasks.test_ocor_dev_0011" name="test_reference_resolution_reports_sorted_unresolved_ids" time="0.000" /><testcase classname="tests.tasks.test_ocor_dev_0011" name="test_canonical_release_bytes_and_digest_are_stable_under_mapping_order" time="0.000" /><testcase classname="tests.tasks.test_ocor_dev_0011" name="test_release_core_and_artifact_manifest_are_deeply_immutable" time="0.000" /><testcase classname="tests.tasks.test_ocor_dev_0011" name="test_release_rejects_duplicate_artifact_ids" time="0.000" /><testcase classname="tests.tasks.test_ocor_dev_0011" name="test_determinism_guard_accepts_identical_builds" time="0.000" /><testcase classname="tests.tasks.test_ocor_dev_0011" name="test_determinism_guard_rejects_different_generation" time="0.000" /><testcase classname="tests.tasks.test_ocor_dev_0011" name="test_diagnostics_have_deterministic_order_and_safe_shape" time="0.000" /><testcase classname="tests.tasks.test_ocor_dev_0011" name="test_named_ports_are_runtime_checkable_protocols" time="0.000" /><testcase classname="tests.tasks.test_ocor_dev_0012" name="test_named_query_request_binds_identity_purpose_policy_and_consistency" time="0.000" /><testcase classname="tests.tasks.test_ocor_dev_0012" name="test_request_is_deeply_immutable" time="0.000" /><testcase classname="tests.tasks.test_ocor_dev_0012" name="test_arbitrary_query_text_is_rejected[query]" time="0.000" /><testcase classname="tests.tasks.test_ocor_dev_0012" name="test_arbitrary_query_text_is_rejected[query_text]" time="0.000" /><testcase classname="tests.tasks.test_ocor_dev_0012" name="test_arbitrary_query_text_is_rejected[sparql]" time="0.000" /><testcase classname="tests.tasks.test_ocor_dev_0012" name="test_arbitrary_query_text_is_rejected[sql]" time="0.001" /><testcase classname="tests.tasks.test_ocor_dev_0012" name="test_arbitrary_query_text_is_rejected[typeql]" time="0.001" /><testcase classname="tests.tasks.test_ocor_dev_0012" name="test_empty_purpose_is_rejected_before_routing" time="0.001" /><testcase classname="tests.tasks.test_ocor_dev_0012" name="test_mismatched_gcs_digest_is_rejected" time="0.001" /><testcase classname="tests.tasks.test_ocor_dev_0012" name="test_invalid_consistency_contract_is_rejected[value0]" time="0.000" /><testcase classname="tests.tasks.test_ocor_dev_0012" name="test_invalid_consistency_contract_is_rejected[value1]" time="0.000" /><testcase classname="tests.tasks.test_ocor_dev_0012" name="test_invalid_consistency_contract_is_rejected[value2]" time="0.000" /><testcase classname="tests.tasks.test_ocor_dev_0012" name="test_invalid_consistency_contract_is_rejected[value3]" time="0.000" /><testcase classname="tests.tasks.test_ocor_dev_0012" name="test_exact_consistency_cannot_silently_downgrade" time="0.000" /><testcase classname="tests.tasks.test_ocor_dev_0012" name="test_at_least_commit_requires_ready_watermark" time="0.000" /><testcase classname="tests.tasks.test_ocor_dev_0012" name="test_best_available_declares_staleness" time="0.000" /><testcase classname="tests.tasks.test_ocor_dev_0012" name="test_served_context_rejects_policy_or_gcs_drift" time="0.001" /><testcase classname="tests.tasks.test_ocor_dev_0012" name="test_named_query_response_preserves_served_watermark" time="0.000" /><testcase classname="tests.tasks.test_ocor_dev_0012" name="test_watermark_is_version_and_branch_bound" time="0.000" /><testcase classname="tests.tasks.test_ocor_dev_0012" name="test_all_c2_ports_are_runtime_checkable" time="0.000" /><testcase classname="tests.tasks.test_ocor_dev_0013" name="test_command_is_closed_content_addressed_and_deeply_immutable" time="0.001" /><testcase classname="tests.tasks.test_ocor_dev_0013" name="test_command_missing_any_binding_is_rejected[command_id]" time="0.001" /><testcase classname="tests.tasks.test_ocor_dev_0013" name="test_command_missing_any_binding_is_rejected[action_instance_id]" time="0.001" /><testcase classname="tests.tasks.test_ocor_dev_0013" name="test_command_missing_any_binding_is_rejected[aggregate_type]" time="0.000" /><testcase classname="tests.tasks.test_ocor_dev_0013" name="test_command_missing_any_binding_is_rejected[aggregate_ref]" time="0.001" /><testcase classname="tests.tasks.test_ocor_dev_0013" name="test_command_missing_any_binding_is_rejected[expected_revision]" time="0.001" /><testcase classname="tests.tasks.test_ocor_dev_0013" name="test_command_missing_any_binding_is_rejected[canonical_delta]" time="0.000" /><testcase classname="tests.tasks.test_ocor_dev_0013" name="test_command_missing_any_binding_is_rejected[decision_ref]" time="0.000" /><testcase classname="tests.tasks.test_ocor_dev_0013" name="test_command_missing_any_binding_is_rejected[authority_ref]" time="0.000" /><testcase classname="tests.tasks.test_ocor_dev_0013" name="test_command_missing_any_binding_is_rejected[evidence_refs]" time="0.000" /><testcase classname="tests.tasks.test_ocor_dev_0013" name="test_command_missing_any_binding_is_rejected[claim_source_bindings]" time="0.000" /><testcase classname="tests.tasks.test_ocor_dev_0013" name="test_command_missing_any_binding_is_rejected[precondition_bindings]" time="0.001" /><testcase classname="tests.tasks.test_ocor_dev_0013" name="test_command_missing_any_binding_is_rejected[invariant_bindings]" time="0.001" /><testcase classname="tests.tasks.test_ocor_dev_0013" name="test_command_missing_any_binding_is_rejected[idempotency_key]" time="0.000" /><testcase classname="tests.tasks.test_ocor_dev_0013" name="test_command_missing_any_binding_is_rejected[governed_context]" time="0.001" /><testcase classname="tests.tasks.test_ocor_dev_0013" name="test_command_missing_any_binding_is_rejected[governed_context_digest]" time="0.001" /><testcase classname="tests.tasks.test_ocor_dev_0013" name="test_command_missing_any_binding_is_rejected[gate_package_digest]" time="0.001" /><testcase classname="tests.tasks.test_ocor_dev_0013" name="test_command_missing_any_binding_is_rejected[branch]" time="0.000" /><testcase classname="tests.tasks.test_ocor_dev_0013" name="test_additional_command_field_is_rejected" time="0.001" /><testcase classname="tests.tasks.test_ocor_dev_0013" name="test_only_main_can_produce_canonical_outbox" time="0.001" /><testcase classname="tests.tasks.test_ocor_dev_0013" name="test_revision_and_gcs_mismatch_fail_with_stable_codes" time="0.001" /><testcase classname="tests.tasks.test_ocor_dev_0013" name="test_receipt_binds_revision_state_idempotency_evidence_gcs_and_outbox" time="0.001" /><testcase classname="tests.tasks.test_ocor_dev_0013" name="test_receipt_missing_or_drifting_binding_is_rejected[change0]" time="0.001" /><testcase classname="tests.tasks.test_ocor_dev_0013" name="test_receipt_missing_or_drifting_binding_is_rejected[change1]" time="0.001" /><testcase classname="tests.tasks.test_ocor_dev_0013" name="test_receipt_missing_or_drifting_binding_is_rejected[change2]" time="0.001" /><testcase classname="tests.tasks.test_ocor_dev_0013" name="test_receipt_missing_or_drifting_binding_is_rejected[change3]" time="0.001" /><testcase classname="tests.tasks.test_ocor_dev_0013" name="test_receipt_missing_or_drifting_binding_is_rejected[change4]" time="0.001" /><testcase classname="tests.tasks.test_ocor_dev_0013" name="test_receipt_missing_or_drifting_binding_is_rejected[change5]" time="0.001" /><testcase classname="tests.tasks.test_ocor_dev_0013" name="test_idempotency_replay_returns_original_receipt_only_for_same_content" time="0.001" /><testcase classname="tests.tasks.test_ocor_dev_0013" name="test_idempotency_key_reuse_with_different_content_is_rejected" time="0.001" /><testcase classname="tests.tasks.test_ocor_dev_0013" name="test_idempotency_scope_includes_tenant_type_and_ref" time="0.001" /><testcase classname="tests.tasks.test_ocor_dev_0013" name="test_snapshot_and_outbox_envelope_are_immutable_and_integrity_bound" time="0.001" /><testcase classname="tests.tasks.test_ocor_dev_0013" name="test_all_c3_ports_are_runtime_checkable" time="0.000" /><testcase classname="tests.tasks.test_ocor_dev_0013" name="test_claim_source_binding_requires_all_three_refs" time="0.000" /></testsuite></testsuites>