<?xml version="1.0" encoding="utf-8"?><testsuites name="pytest tests"><testsuite name="pytest" errors="0" failures="0" skipped="0" tests="166" time="4.045" timestamp="2026-09-02T06:13:42.459615+02:00" hostname="nepryoon"><testcase classname="tests.tasks.test_ocor_dev_0007" name="test_rfc_8785_number_and_string_vectors_produce_stable_bytes" time="0.001" /><testcase classname="tests.tasks.test_ocor_dev_0007" name="test_utf16_property_order_matches_rfc_8785" time="0.000" /><testcase classname="tests.tasks.test_ocor_dev_0007" name="test_digest_is_lowercase_urn_and_recalculation_fails_closed" time="0.000" /><testcase classname="tests.tasks.test_ocor_dev_0007" name="test_semantic_set_is_canonically_sorted_and_rejects_duplicates" time="0.000" /><testcase classname="tests.tasks.test_ocor_dev_0007" name="test_utc_wire_boundaries_are_strict_and_normalized" time="0.000" /><testcase classname="tests.tasks.test_ocor_dev_0007" name="test_noncanonical_or_unrepresentable_wire_time_is_rejected[2026-09-02T00:00:00]" time="0.000" /><testcase classname="tests.tasks.test_ocor_dev_0007" name="test_noncanonical_or_unrepresentable_wire_time_is_rejected[2026-09-02T00:00:00+00:00]" time="0.000" /><testcase classname="tests.tasks.test_ocor_dev_0007" name="test_noncanonical_or_unrepresentable_wire_time_is_rejected[2026-09-02t00:00:00z]" time="0.000" /><testcase classname="tests.tasks.test_ocor_dev_0007" name="test_noncanonical_or_unrepresentable_wire_time_is_rejected[2026-09-02T00:00:60Z]" time="0.000" /><testcase classname="tests.tasks.test_ocor_dev_0007" name="test_noncanonical_or_unrepresentable_wire_time_is_rejected[2026-09-02T00:00:00.1234567Z]" time="0.000" /><testcase classname="tests.tasks.test_ocor_dev_0007" name="test_correlation_and_causation_ids_are_canonical_rfc4122_uuids" time="0.000" /><testcase classname="tests.tasks.test_ocor_dev_0007" name="test_malformed_identifiers_are_rejected[]" time="0.000" /><testcase classname="tests.tasks.test_ocor_dev_0007" name="test_malformed_identifiers_are_rejected[550E8400-E29B-41D4-A716-446655440000]" time="0.000" /><testcase classname="tests.tasks.test_ocor_dev_0007" name="test_malformed_identifiers_are_rejected[{550e8400-e29b-41d4-a716-446655440000}]" time="0.000" /><testcase classname="tests.tasks.test_ocor_dev_0007" name="test_malformed_identifiers_are_rejected[00000000-0000-0000-0000-000000000000]" time="0.000" /><testcase classname="tests.tasks.test_ocor_dev_0007" name="test_malformed_identifiers_are_rejected[not-a-uuid]" time="0.000" /><testcase classname="tests.tasks.test_ocor_dev_0007" name="test_duplicate_keys_and_non_i_json_values_are_rejected[{&quot;a&quot;:1,&quot;a&quot;:2}]" time="0.000" /><testcase classname="tests.tasks.test_ocor_dev_0007" name="test_duplicate_keys_and_non_i_json_values_are_rejected[{&quot;value&quot;:NaN}]" time="0.000" /><testcase classname="tests.tasks.test_ocor_dev_0007" name="test_duplicate_keys_and_non_i_json_values_are_rejected[{&quot;value&quot;:9007199254740992}]" time="0.000" /><testcase classname="tests.tasks.test_ocor_dev_0007" name="test_duplicate_keys_and_non_i_json_values_are_rejected[&quot;\ud800&quot;]" time="0.000" /><testcase classname="tests.tasks.test_ocor_dev_0008" name="test_closed_eleven_field_record_canonicalizes_only_set_fields" time="0.000" /><testcase classname="tests.tasks.test_ocor_dev_0008" name="test_equivalent_compartment_sets_have_identical_bytes_and_digest" time="0.000" /><testcase classname="tests.tasks.test_ocor_dev_0008" name="test_missing_field_fails_closed[tenant_id]" time="0.000" /><testcase classname="tests.tasks.test_ocor_dev_0008" name="test_missing_field_fails_closed[organization_id]" time="0.000" /><testcase classname="tests.tasks.test_ocor_dev_0008" name="test_missing_field_fails_closed[domain_id]" time="0.000" /><testcase classname="tests.tasks.test_ocor_dev_0008" name="test_missing_field_fails_closed[compartments]" time="0.000" /><testcase classname="tests.tasks.test_ocor_dev_0008" name="test_missing_field_fails_closed[classification_marking_ref]" time="0.000" /><testcase classname="tests.tasks.test_ocor_dev_0008" name="test_missing_field_fails_closed[purpose]" time="0.000" /><testcase classname="tests.tasks.test_ocor_dev_0008" name="test_missing_field_fails_closed[effective_principal_id]" time="0.000" /><testcase classname="tests.tasks.test_ocor_dev_0008" name="test_missing_field_fails_closed[actor_chain]" time="0.000" /><testcase classname="tests.tasks.test_ocor_dev_0008" name="test_missing_field_fails_closed[ontology_release_digest]" time="0.000" /><testcase classname="tests.tasks.test_ocor_dev_0008" name="test_missing_field_fails_closed[policy_bundle_digest]" time="0.000" /><testcase classname="tests.tasks.test_ocor_dev_0008" name="test_missing_field_fails_closed[correlation_id]" time="0.000" /><testcase classname="tests.tasks.test_ocor_dev_0008" name="test_extra_or_alias_field_fails_closed[principal_id]" time="0.000" /><testcase classname="tests.tasks.test_ocor_dev_0008" name="test_extra_or_alias_field_fails_closed[causation_id]" time="0.000" /><testcase classname="tests.tasks.test_ocor_dev_0008" name="test_extra_or_alias_field_fails_closed[trace_id]" time="0.000" /><testcase classname="tests.tasks.test_ocor_dev_0008" name="test_non_canonical_or_coerced_values_fail[tenant_id-7]" time="0.000" /><testcase classname="tests.tasks.test_ocor_dev_0008" name="test_non_canonical_or_coerced_values_fail[purpose-]" time="0.000" /><testcase classname="tests.tasks.test_ocor_dev_0008" name="test_non_canonical_or_coerced_values_fail[compartments-urn:ocor:compartment:not-an-array]" time="0.000" /><testcase classname="tests.tasks.test_ocor_dev_0008" name="test_non_canonical_or_coerced_values_fail[actor_chain-bad_value3]" time="0.000" /><testcase classname="tests.tasks.test_ocor_dev_0008" name="test_non_canonical_or_coerced_values_fail[classification_marking_ref-sha256:aaaaaaaaaaaaaaaaaaaaaaaaaaaaaaaaaaaaaaaaaaaaaaaaaaaaaaaaaaaaaaaa]" time="0.000" /><testcase classname="tests.tasks.test_ocor_dev_0008" name="test_non_canonical_or_coerced_values_fail[ontology_release_digest-urn:sha256:AAAAAAAAAAAAAAAAAAAAAAAAAAAAAAAAAAAAAAAAAAAAAAAAAAAAAAAAAAAAAAAA]" time="0.000" /><testcase classname="tests.tasks.test_ocor_dev_0008" name="test_non_canonical_or_coerced_values_fail[policy_bundle_digest-urn:sha256:short]" time="0.000" /><testcase classname="tests.tasks.test_ocor_dev_0008" name="test_mapping_accepts_schema_valid_non_uuid_correlation_without_weakening_uuid_api" time="0.001" /><testcase classname="tests.tasks.test_ocor_dev_0008" name="test_mapping_rejects_tuple_where_approved_schema_rejects_non_array[compartments]" time="0.000" /><testcase classname="tests.tasks.test_ocor_dev_0008" name="test_mapping_rejects_tuple_where_approved_schema_rejects_non_array[actor_chain]" time="0.000" /><testcase classname="tests.tasks.test_ocor_dev_0008" name="test_duplicate_array_values_fail[compartments]" time="0.000" /><testcase classname="tests.tasks.test_ocor_dev_0008" name="test_duplicate_array_values_fail[actor_chain]" time="0.000" /><testcase classname="tests.tasks.test_ocor_dev_0008" name="test_json_boundary_round_trip_verifies_binding_and_digest" time="0.001" /><testcase classname="tests.tasks.test_ocor_dev_0008" name="test_json_boundary_rejects_duplicate_keys" time="0.000" /><testcase classname="tests.tasks.test_ocor_dev_0008" name="test_openapi_boundary_round_trip_is_identical" time="0.001" /><testcase classname="tests.tasks.test_ocor_dev_0008" name="test_openapi_component_uses_and_accepts_the_approved_closed_schema" time="0.022" /><testcase classname="tests.tasks.test_ocor_dev_0008" name="test_verified_binding_mismatch_fails_before_use[tenant_id]" time="0.001" /><testcase classname="tests.tasks.test_ocor_dev_0008" name="test_verified_binding_mismatch_fails_before_use[compartments]" time="0.000" /><testcase classname="tests.tasks.test_ocor_dev_0008" name="test_verified_binding_mismatch_fails_before_use[effective_principal_id]" time="0.000" /><testcase classname="tests.tasks.test_ocor_dev_0008" name="test_verified_binding_mismatch_fails_before_use[actor_chain]" time="0.000" /><testcase classname="tests.tasks.test_ocor_dev_0008" name="test_verified_binding_mismatch_fails_before_use[ontology_release_digest]" time="0.000" /><testcase classname="tests.tasks.test_ocor_dev_0008" name="test_verified_binding_mismatch_fails_before_use[policy_bundle_digest]" time="0.000" /><testcase classname="tests.tasks.test_ocor_dev_0008" name="test_claimed_digest_mismatch_fails_closed" time="0.000" /><testcase classname="tests.tasks.test_ocor_dev_0008" name="test_real_proto_invocation_context_round_trip_uses_verified_identity_binding" time="0.044" /><testcase classname="tests.tasks.test_ocor_dev_0008" name="test_real_proto_stale_pin_fails_before_dispatch[ontology_release_digest]" time="0.000" /><testcase classname="tests.tasks.test_ocor_dev_0008" name="test_real_proto_stale_pin_fails_before_dispatch[policy_bundle_digest]" time="0.000" /><testcase classname="tests.tasks.test_ocor_dev_0008" name="test_real_proto_tampered_digest_fails_before_dispatch" time="0.000" /><testcase classname="tests.tasks.test_ocor_dev_0008" name="test_proto_rejects_unverified_binding_before_dereference[None]" time="0.000" /><testcase classname="tests.tasks.test_ocor_dev_0008" name="test_proto_rejects_unverified_binding_before_dereference[unverified_binding1]" time="0.000" /><testcase classname="tests.tasks.test_ocor_dev_0008" name="test_context_and_verified_binding_are_immutable" time="0.000" /><testcase classname="tests.tasks.test_ocor_dev_0008" name="test_isolation_key_contains_the_exact_normative_partition" time="0.000" /><testcase classname="tests.tasks.test_ocor_dev_0009" name="test_valid_authority_preserves_scope_purpose_ttl_and_binding" time="0.000" /><testcase classname="tests.tasks.test_ocor_dev_0009" name="test_authority_cannot_be_widened[change0-AUTHORITY_SCOPE_MISMATCH]" time="0.000" /><testcase classname="tests.tasks.test_ocor_dev_0009" name="test_authority_cannot_be_widened[change1-AUTHORITY_SCOPE_MISMATCH]" time="0.000" /><testcase classname="tests.tasks.test_ocor_dev_0009" name="test_authority_cannot_be_widened[change2-AUTHORITY_SCOPE_MISMATCH]" time="0.000" /><testcase classname="tests.tasks.test_ocor_dev_0009" name="test_authority_cannot_be_widened[change3-AUTHORITY_SCOPE_MISMATCH]" time="0.001" /><testcase classname="tests.tasks.test_ocor_dev_0009" name="test_authority_time_window_fails_closed[change0-AUTHORITY_NOT_YET_VALID]" time="0.000" /><testcase classname="tests.tasks.test_ocor_dev_0009" name="test_authority_time_window_fails_closed[change1-AUTHORITY_EXPIRED]" time="0.000" /><testcase classname="tests.tasks.test_ocor_dev_0009" name="test_unsigned_or_revoked_authority_fails_closed[False-False-AUTHORITY_UNSIGNED]" time="0.000" /><testcase classname="tests.tasks.test_ocor_dev_0009" name="test_unsigned_or_revoked_authority_fails_closed[True-True-AUTHORITY_REVOKED]" time="0.000" /><testcase classname="tests.tasks.test_ocor_dev_0009" name="test_policy_purpose_and_compartment_are_part_of_authority_scope" time="0.000" /><testcase classname="tests.tasks.test_ocor_dev_0009" name="test_capability_lease_matches_the_approved_closed_schema" time="0.001" /><testcase classname="tests.tasks.test_ocor_dev_0009" name="test_capability_lease_rejects_missing_fields[lease_id]" time="0.000" /><testcase classname="tests.tasks.test_ocor_dev_0009" name="test_capability_lease_rejects_missing_fields[capability_id]" time="0.000" /><testcase classname="tests.tasks.test_ocor_dev_0009" name="test_capability_lease_rejects_missing_fields[effective_principal_id]" time="0.001" /><testcase classname="tests.tasks.test_ocor_dev_0009" name="test_capability_lease_rejects_missing_fields[delegation_ref]" time="0.000" /><testcase classname="tests.tasks.test_ocor_dev_0009" name="test_capability_lease_rejects_missing_fields[action_instance_id]" time="0.000" /><testcase classname="tests.tasks.test_ocor_dev_0009" name="test_capability_lease_rejects_missing_fields[governed_context_digest]" time="0.000" /><testcase classname="tests.tasks.test_ocor_dev_0009" name="test_capability_lease_rejects_missing_fields[gate_package_digest]" time="0.000" /><testcase classname="tests.tasks.test_ocor_dev_0009" name="test_capability_lease_rejects_missing_fields[stop_epoch]" time="0.000" /><testcase classname="tests.tasks.test_ocor_dev_0009" name="test_capability_lease_rejects_missing_fields[fencing_token]" time="0.000" /><testcase classname="tests.tasks.test_ocor_dev_0009" name="test_capability_lease_rejects_missing_fields[issued_at]" time="0.000" /><testcase classname="tests.tasks.test_ocor_dev_0009" name="test_capability_lease_rejects_missing_fields[expires_at]" time="0.000" /><testcase classname="tests.tasks.test_ocor_dev_0009" name="test_capability_lease_rejects_additional_fields" time="0.000" /><testcase classname="tests.tasks.test_ocor_dev_0009" name="test_capability_lease_ttl_cannot_exceed_five_seconds" time="0.000" /><testcase classname="tests.tasks.test_ocor_dev_0009" name="test_valid_lease_is_consumed_once_atomically" time="0.000" /><testcase classname="tests.tasks.test_ocor_dev_0009" name="test_unsigned_or_revoked_lease_fails_closed[False-False-LEASE_INVALID]" time="0.001" /><testcase classname="tests.tasks.test_ocor_dev_0009" name="test_unsigned_or_revoked_lease_fails_closed[True-True-LEASE_REVOKED]" time="0.001" /><testcase classname="tests.tasks.test_ocor_dev_0009" name="test_expired_lease_fails_closed" time="0.000" /><testcase classname="tests.tasks.test_ocor_dev_0009" name="test_lease_binding_mismatch_has_stable_reason[capability_id]" time="0.001" /><testcase classname="tests.tasks.test_ocor_dev_0009" name="test_lease_binding_mismatch_has_stable_reason[effective_principal_id]" time="0.001" /><testcase classname="tests.tasks.test_ocor_dev_0009" name="test_lease_binding_mismatch_has_stable_reason[delegation_ref]" time="0.001" /><testcase classname="tests.tasks.test_ocor_dev_0009" name="test_lease_binding_mismatch_has_stable_reason[action_instance_id]" time="0.001" /><testcase classname="tests.tasks.test_ocor_dev_0009" name="test_lease_binding_mismatch_has_stable_reason[governed_context_digest]" time="0.001" /><testcase classname="tests.tasks.test_ocor_dev_0009" name="test_lease_binding_mismatch_has_stable_reason[gate_package_digest]" time="0.001" /><testcase classname="tests.tasks.test_ocor_dev_0009" name="test_lease_epoch_and_fencing_fail_with_specific_reasons[change0-STOP_EPOCH_MISMATCH]" time="0.001" /><testcase classname="tests.tasks.test_ocor_dev_0009" name="test_lease_epoch_and_fencing_fail_with_specific_reasons[change1-FENCING_TOKEN_STALE]" time="0.001" /><testcase classname="tests.tasks.test_ocor_dev_0009" name="test_evidence_is_content_addressed_immutable_and_retained" time="0.001" /><testcase classname="tests.tasks.test_ocor_dev_0009" name="test_evidence_requires_chain_of_custody_and_valid_retention" time="0.000" /><testcase classname="tests.tasks.test_ocor_dev_0009" name="test_provenance_preserves_evidence_and_causal_bindings" time="0.000" /><testcase classname="tests.tasks.test_ocor_dev_0009" name="test_incomplete_or_malformed_provenance_fails_closed[change0]" time="0.000" /><testcase classname="tests.tasks.test_ocor_dev_0009" name="test_incomplete_or_malformed_provenance_fails_closed[change1]" time="0.000" /><testcase classname="tests.tasks.test_ocor_dev_0009" name="test_incomplete_or_malformed_provenance_fails_closed[change2]" time="0.001" /><testcase classname="tests.tasks.test_ocor_dev_0009" name="test_incomplete_or_malformed_provenance_fails_closed[change3]" time="0.000" /><testcase classname="tests.tasks.test_ocor_dev_0009" name="test_incomplete_or_malformed_provenance_fails_closed[change4]" time="0.000" /><testcase classname="tests.tasks.test_ocor_dev_0009" name="test_incomplete_or_malformed_provenance_fails_closed[change5]" time="0.000" /><testcase classname="tests.tasks.test_ocor_dev_0009" name="test_typed_error_taxonomy_is_stable_and_retry_safe" time="0.000" /><testcase classname="tests.tasks.test_ocor_dev_0010" name="test_pinned_sources_cover_every_approved_contract" time="0.000" /><testcase classname="tests.tasks.test_ocor_dev_0010" name="test_real_openapi_proto_and_json_schema_generate_reproducibly" time="0.670" /><testcase classname="tests.tasks.test_ocor_dev_0010" name="test_generated_python_and_typescript_expose_same_model_inventory" time="0.355" /><testcase classname="tests.tasks.test_ocor_dev_0010" name="test_check_generated_detects_drift" time="0.748" /><testcase classname="tests.tasks.test_ocor_dev_0010" name="test_source_drift_fails_before_generation" time="0.001" /><testcase classname="tests.tasks.test_ocor_dev_0010" name="test_open_public_request_record_is_rejected" time="0.268" /><testcase classname="tests.tasks.test_ocor_dev_0010" name="test_backend_identifiers_are_rejected[TypeDB]" time="0.002" /><testcase classname="tests.tasks.test_ocor_dev_0010" name="test_backend_identifiers_are_rejected[TerminusDB]" time="0.002" /><testcase classname="tests.tasks.test_ocor_dev_0010" name="test_backend_identifiers_are_rejected[SPARQL]" time="0.002" /><testcase classname="tests.tasks.test_ocor_dev_0010" name="test_backend_identifiers_are_rejected[TypeQL]" time="0.001" /><testcase classname="tests.tasks.test_ocor_dev_0010" name="test_backend_identifiers_are_rejected[WOQL]" time="0.002" /><testcase classname="tests.tasks.test_ocor_dev_0010" name="test_backend_identifiers_are_rejected[backend_table_id]" time="0.002" /><testcase classname="tests.tasks.test_ocor_dev_0010" name="test_unknown_openapi_reference_is_rejected" time="0.139" /><testcase classname="tests.tasks.test_ocor_dev_0010" name="test_invalid_proto_is_rejected" time="0.313" /><testcase classname="tests.tasks.test_ocor_dev_0010" name="test_cli_check_succeeds_only_for_exact_generated_tree" time="1.178" /><testcase classname="tests.tasks.test_ocor_dev_0011" name="test_source_unit_is_typed_content_addressed_and_immutable" time="0.000" /><testcase classname="tests.tasks.test_ocor_dev_0011" name="test_source_digest_changes_with_source_bytes" time="0.000" /><testcase classname="tests.tasks.test_ocor_dev_0011" name="test_unknown_source_syntax_is_rejected_with_stable_code[TURTLE]" time="0.000" /><testcase classname="tests.tasks.test_ocor_dev_0011" name="test_unknown_source_syntax_is_rejected_with_stable_code[SQL]" time="0.000" /><testcase classname="tests.tasks.test_ocor_dev_0011" name="test_unknown_source_syntax_is_rejected_with_stable_code[WOQL]" time="0.000" /><testcase classname="tests.tasks.test_ocor_dev_0011" name="test_empty_source_is_rejected" time="0.000" /><testcase classname="tests.tasks.test_ocor_dev_0011" name="test_compiler_request_is_exact_and_immutable" time="0.000" /><testcase classname="tests.tasks.test_ocor_dev_0011" name="test_duplicate_source_identity_is_rejected" time="0.000" /><testcase classname="tests.tasks.test_ocor_dev_0011" name="test_unlocked_import_is_rejected_before_parse" time="0.000" /><testcase classname="tests.tasks.test_ocor_dev_0011" name="test_invalid_lock_digest_is_rejected" time="0.000" /><testcase classname="tests.tasks.test_ocor_dev_0011" name="test_reference_resolution_reports_sorted_unresolved_ids" time="0.000" /><testcase classname="tests.tasks.test_ocor_dev_0011" name="test_canonical_release_bytes_and_digest_are_stable_under_mapping_order" time="0.000" /><testcase classname="tests.tasks.test_ocor_dev_0011" name="test_release_core_and_artifact_manifest_are_deeply_immutable" time="0.000" /><testcase classname="tests.tasks.test_ocor_dev_0011" name="test_release_rejects_duplicate_artifact_ids" time="0.000" /><testcase classname="tests.tasks.test_ocor_dev_0011" name="test_determinism_guard_accepts_identical_builds" time="0.000" /><testcase classname="tests.tasks.test_ocor_dev_0011" name="test_determinism_guard_rejects_different_generation" time="0.000" /><testcase classname="tests.tasks.test_ocor_dev_0011" name="test_diagnostics_have_deterministic_order_and_safe_shape" time="0.000" /><testcase classname="tests.tasks.test_ocor_dev_0011" name="test_named_ports_are_runtime_checkable_protocols" time="0.000" /><testcase classname="tests.tasks.test_ocor_dev_0012" name="test_named_query_request_binds_identity_purpose_policy_and_consistency" time="0.001" /><testcase classname="tests.tasks.test_ocor_dev_0012" name="test_request_is_deeply_immutable" time="0.000" /><testcase classname="tests.tasks.test_ocor_dev_0012" name="test_arbitrary_query_text_is_rejected[query]" time="0.001" /><testcase classname="tests.tasks.test_ocor_dev_0012" name="test_arbitrary_query_text_is_rejected[query_text]" time="0.000" /><testcase classname="tests.tasks.test_ocor_dev_0012" name="test_arbitrary_query_text_is_rejected[sparql]" time="0.001" /><testcase classname="tests.tasks.test_ocor_dev_0012" name="test_arbitrary_query_text_is_rejected[sql]" time="0.001" /><testcase classname="tests.tasks.test_ocor_dev_0012" name="test_arbitrary_query_text_is_rejected[typeql]" time="0.001" /><testcase classname="tests.tasks.test_ocor_dev_0012" name="test_empty_purpose_is_rejected_before_routing" time="0.000" /><testcase classname="tests.tasks.test_ocor_dev_0012" name="test_mismatched_gcs_digest_is_rejected" time="0.001" /><testcase classname="tests.tasks.test_ocor_dev_0012" name="test_invalid_consistency_contract_is_rejected[value0]" time="0.000" /><testcase classname="tests.tasks.test_ocor_dev_0012" name="test_invalid_consistency_contract_is_rejected[value1]" time="0.000" /><testcase classname="tests.tasks.test_ocor_dev_0012" name="test_invalid_consistency_contract_is_rejected[value2]" time="0.000" /><testcase classname="tests.tasks.test_ocor_dev_0012" name="test_invalid_consistency_contract_is_rejected[value3]" time="0.000" /><testcase classname="tests.tasks.test_ocor_dev_0012" name="test_exact_consistency_cannot_silently_downgrade" time="0.000" /><testcase classname="tests.tasks.test_ocor_dev_0012" name="test_at_least_commit_requires_ready_watermark" time="0.000" /><testcase classname="tests.tasks.test_ocor_dev_0012" name="test_best_available_declares_staleness" time="0.000" /><testcase classname="tests.tasks.test_ocor_dev_0012" name="test_served_context_rejects_policy_or_gcs_drift" time="0.001" /><testcase classname="tests.tasks.test_ocor_dev_0012" name="test_named_query_response_preserves_served_watermark" time="0.001" /><testcase classname="tests.tasks.test_ocor_dev_0012" name="test_watermark_is_version_and_branch_bound" time="0.000" /><testcase classname="tests.tasks.test_ocor_dev_0012" name="test_all_c2_ports_are_runtime_checkable" time="0.000" /></testsuite></testsuites>